SF:app_lib/locale/lib/app_locale.dart
DA:8,9
DA:15,9
LF:2
LH:2
end_of_record
SF:lib/screens/error/error_screen.dart
DA:7,1
DA:9,1
DA:11,1
DA:12,1
DA:13,1
DA:16,1
DA:17,1
DA:20,1
DA:22,4
DA:23,3
DA:27,1
DA:29,1
DA:30,3
DA:31,3
DA:34,1
DA:36,1
DA:37,1
DA:38,1
LF:18
LH:18
end_of_record
SF:app_lib/locale/lib/gen_l10n/app_localizations.dart
DA:75,3
DA:76,6
DA:80,2
DA:81,2
DA:696,1
DA:698,3
DA:700,6
DA:703,3
DA:704,3
DA:717,6
DA:719,0
DA:723,3
DA:725,3
DA:726,3
DA:728,0
DA:729,0
DA:730,0
DA:731,0
DA:732,0
DA:739,3
DA:740,3
DA:741,0
DA:742,3
DA:743,0
DA:744,3
DA:745,0
DA:746,3
DA:747,3
DA:748,0
DA:749,0
DA:750,0
DA:751,0
DA:752,0
DA:753,0
DA:754,0
DA:755,0
DA:756,0
DA:757,0
DA:758,0
DA:759,0
DA:760,0
DA:761,0
DA:762,0
DA:763,0
DA:766,0
LF:45
LH:19
end_of_record
SF:app_lib/locale/lib/extensions/build_context.dart
DA:5,2
DA:7,2
LF:2
LH:2
end_of_record
SF:app_lib/locale/lib/gen_l10n/app_localizations_ar.dart
DA:9,0
DA:11,0
DA:14,0
DA:17,0
DA:20,0
DA:23,0
DA:26,0
DA:29,0
DA:32,0
DA:35,0
DA:38,0
DA:41,0
DA:44,0
DA:47,0
DA:50,0
DA:53,0
DA:56,0
DA:59,0
DA:62,0
DA:65,0
DA:68,0
DA:72,0
DA:75,0
DA:78,0
DA:81,0
DA:84,0
DA:87,0
DA:90,0
DA:93,0
DA:96,0
DA:99,0
DA:102,0
DA:105,0
DA:108,0
DA:111,0
DA:114,0
DA:117,0
DA:120,0
DA:123,0
DA:125,0
DA:128,0
DA:131,0
DA:134,0
DA:137,0
DA:140,0
DA:143,0
DA:146,0
DA:149,0
DA:152,0
DA:155,0
DA:158,0
DA:161,0
DA:164,0
DA:167,0
DA:170,0
DA:173,0
DA:176,0
DA:179,0
DA:182,0
DA:185,0
DA:188,0
DA:191,0
DA:194,0
DA:197,0
DA:200,0
DA:203,0
DA:206,0
DA:209,0
DA:212,0
DA:215,0
DA:218,0
DA:221,0
DA:224,0
DA:227,0
DA:230,0
DA:233,0
DA:236,0
DA:239,0
DA:242,0
DA:245,0
DA:247,0
DA:250,0
DA:253,0
DA:255,0
DA:258,0
DA:261,0
DA:263,0
DA:266,0
DA:268,0
DA:271,0
DA:274,0
DA:277,0
DA:280,0
DA:283,0
DA:286,0
DA:289,0
DA:292,0
DA:295,0
DA:298,0
DA:301,0
DA:304,0
LF:101
LH:0
end_of_record
SF:app_lib/locale/lib/gen_l10n/app_localizations_cs.dart
DA:9,0
DA:11,0
DA:14,0
DA:17,0
DA:20,0
DA:23,0
DA:26,0
DA:29,0
DA:32,0
DA:35,0
DA:38,0
DA:41,0
DA:44,0
DA:47,0
DA:50,0
DA:53,0
DA:56,0
DA:59,0
DA:62,0
DA:65,0
DA:68,0
DA:72,0
DA:75,0
DA:78,0
DA:81,0
DA:84,0
DA:87,0
DA:90,0
DA:93,0
DA:96,0
DA:99,0
DA:102,0
DA:105,0
DA:108,0
DA:111,0
DA:114,0
DA:117,0
DA:120,0
DA:123,0
DA:125,0
DA:128,0
DA:131,0
DA:134,0
DA:137,0
DA:140,0
DA:143,0
DA:146,0
DA:149,0
DA:153,0
DA:156,0
DA:159,0
DA:162,0
DA:165,0
DA:168,0
DA:171,0
DA:174,0
DA:177,0
DA:180,0
DA:183,0
DA:186,0
DA:189,0
DA:192,0
DA:195,0
DA:198,0
DA:201,0
DA:204,0
DA:207,0
DA:210,0
DA:213,0
DA:216,0
DA:219,0
DA:222,0
DA:225,0
DA:228,0
DA:231,0
DA:234,0
DA:237,0
DA:240,0
DA:243,0
DA:246,0
DA:248,0
DA:251,0
DA:254,0
DA:256,0
DA:259,0
DA:262,0
DA:264,0
DA:267,0
DA:269,0
DA:272,0
DA:275,0
DA:278,0
DA:281,0
DA:284,0
DA:287,0
DA:290,0
DA:293,0
DA:296,0
DA:299,0
DA:302,0
DA:305,0
LF:101
LH:0
end_of_record
SF:app_lib/locale/lib/gen_l10n/app_localizations_de.dart
DA:9,0
DA:11,0
DA:14,0
DA:17,0
DA:20,0
DA:23,0
DA:26,0
DA:29,0
DA:32,0
DA:35,0
DA:38,0
DA:41,0
DA:44,0
DA:47,0
DA:50,0
DA:53,0
DA:56,0
DA:59,0
DA:62,0
DA:65,0
DA:68,0
DA:72,0
DA:75,0
DA:79,0
DA:82,0
DA:86,0
DA:89,0
DA:92,0
DA:95,0
DA:98,0
DA:101,0
DA:104,0
DA:107,0
DA:110,0
DA:113,0
DA:116,0
DA:119,0
DA:122,0
DA:125,0
DA:127,0
DA:130,0
DA:133,0
DA:136,0
DA:139,0
DA:142,0
DA:145,0
DA:149,0
DA:152,0
DA:156,0
DA:160,0
DA:163,0
DA:166,0
DA:169,0
DA:172,0
DA:175,0
DA:178,0
DA:181,0
DA:184,0
DA:187,0
DA:190,0
DA:193,0
DA:196,0
DA:199,0
DA:202,0
DA:205,0
DA:208,0
DA:211,0
DA:214,0
DA:217,0
DA:220,0
DA:223,0
DA:226,0
DA:229,0
DA:232,0
DA:235,0
DA:238,0
DA:241,0
DA:244,0
DA:247,0
DA:250,0
DA:252,0
DA:255,0
DA:258,0
DA:260,0
DA:263,0
DA:266,0
DA:268,0
DA:271,0
DA:273,0
DA:276,0
DA:279,0
DA:282,0
DA:285,0
DA:288,0
DA:291,0
DA:294,0
DA:297,0
DA:300,0
DA:303,0
DA:306,0
DA:309,0
LF:101
LH:0
end_of_record
SF:app_lib/locale/lib/gen_l10n/app_localizations_en.dart
DA:9,6
DA:11,0
DA:14,0
DA:17,0
DA:20,0
DA:23,2
DA:26,2
DA:29,0
DA:32,2
DA:35,1
DA:38,1
DA:41,1
DA:44,2
DA:47,0
DA:50,1
DA:53,0
DA:56,0
DA:59,0
DA:62,0
DA:65,0
DA:68,0
DA:72,0
DA:75,0
DA:79,0
DA:82,0
DA:86,0
DA:89,0
DA:92,0
DA:95,0
DA:98,0
DA:101,0
DA:104,0
DA:107,0
DA:110,0
DA:113,0
DA:116,0
DA:119,0
DA:122,0
DA:125,0
DA:127,0
DA:130,0
DA:133,0
DA:136,0
DA:139,0
DA:142,0
DA:145,0
DA:148,0
DA:151,0
DA:154,0
DA:157,0
DA:160,0
DA:163,0
DA:166,0
DA:169,0
DA:172,0
DA:175,0
DA:178,0
DA:181,0
DA:184,0
DA:187,0
DA:190,0
DA:193,0
DA:196,0
DA:199,0
DA:202,0
DA:205,0
DA:208,0
DA:211,0
DA:214,0
DA:217,0
DA:220,0
DA:223,0
DA:226,0
DA:229,0
DA:232,0
DA:235,0
DA:238,0
DA:241,0
DA:244,0
DA:247,0
DA:249,0
DA:252,0
DA:255,0
DA:257,0
DA:260,0
DA:263,0
DA:265,0
DA:268,0
DA:270,0
DA:273,0
DA:276,0
DA:279,0
DA:282,0
DA:285,0
DA:288,0
DA:291,0
DA:294,0
DA:297,0
DA:300,0
DA:303,0
DA:306,0
LF:101
LH:9
end_of_record
SF:app_lib/locale/lib/gen_l10n/app_localizations_es.dart
DA:9,0
DA:11,0
DA:14,0
DA:17,0
DA:20,0
DA:23,0
DA:26,0
DA:29,0
DA:32,0
DA:35,0
DA:38,0
DA:41,0
DA:44,0
DA:47,0
DA:50,0
DA:53,0
DA:56,0
DA:59,0
DA:62,0
DA:65,0
DA:68,0
DA:72,0
DA:75,0
DA:79,0
DA:82,0
DA:86,0
DA:89,0
DA:92,0
DA:95,0
DA:98,0
DA:101,0
DA:104,0
DA:107,0
DA:110,0
DA:113,0
DA:116,0
DA:119,0
DA:122,0
DA:125,0
DA:127,0
DA:130,0
DA:133,0
DA:136,0
DA:139,0
DA:142,0
DA:145,0
DA:148,0
DA:151,0
DA:155,0
DA:158,0
DA:161,0
DA:164,0
DA:167,0
DA:170,0
DA:173,0
DA:176,0
DA:179,0
DA:182,0
DA:185,0
DA:188,0
DA:191,0
DA:194,0
DA:197,0
DA:200,0
DA:203,0
DA:206,0
DA:209,0
DA:212,0
DA:215,0
DA:218,0
DA:221,0
DA:224,0
DA:227,0
DA:230,0
DA:233,0
DA:236,0
DA:239,0
DA:242,0
DA:245,0
DA:248,0
DA:250,0
DA:253,0
DA:256,0
DA:258,0
DA:261,0
DA:264,0
DA:266,0
DA:269,0
DA:271,0
DA:274,0
DA:277,0
DA:280,0
DA:283,0
DA:286,0
DA:289,0
DA:292,0
DA:295,0
DA:298,0
DA:301,0
DA:304,0
DA:307,0
LF:101
LH:0
end_of_record
SF:app_lib/locale/lib/gen_l10n/app_localizations_fr.dart
DA:9,0
DA:11,0
DA:14,0
DA:17,0
DA:20,0
DA:23,0
DA:26,0
DA:29,0
DA:32,0
DA:35,0
DA:38,0
DA:41,0
DA:44,0
DA:47,0
DA:50,0
DA:53,0
DA:56,0
DA:59,0
DA:62,0
DA:65,0
DA:68,0
DA:72,0
DA:75,0
DA:79,0
DA:82,0
DA:86,0
DA:89,0
DA:92,0
DA:95,0
DA:98,0
DA:101,0
DA:104,0
DA:107,0
DA:110,0
DA:113,0
DA:116,0
DA:119,0
DA:122,0
DA:125,0
DA:127,0
DA:130,0
DA:133,0
DA:136,0
DA:139,0
DA:142,0
DA:145,0
DA:148,0
DA:151,0
DA:155,0
DA:158,0
DA:161,0
DA:164,0
DA:167,0
DA:170,0
DA:173,0
DA:176,0
DA:179,0
DA:182,0
DA:185,0
DA:188,0
DA:191,0
DA:194,0
DA:197,0
DA:200,0
DA:203,0
DA:206,0
DA:209,0
DA:212,0
DA:215,0
DA:218,0
DA:221,0
DA:224,0
DA:227,0
DA:230,0
DA:233,0
DA:236,0
DA:239,0
DA:242,0
DA:245,0
DA:248,0
DA:250,0
DA:253,0
DA:256,0
DA:258,0
DA:261,0
DA:264,0
DA:266,0
DA:269,0
DA:271,0
DA:274,0
DA:277,0
DA:280,0
DA:283,0
DA:286,0
DA:289,0
DA:292,0
DA:295,0
DA:298,0
DA:301,0
DA:304,0
DA:307,0
LF:101
LH:0
end_of_record
SF:app_lib/locale/lib/gen_l10n/app_localizations_it.dart
DA:9,0
DA:11,0
DA:14,0
DA:17,0
DA:20,0
DA:23,0
DA:26,0
DA:29,0
DA:32,0
DA:35,0
DA:38,0
DA:41,0
DA:44,0
DA:47,0
DA:50,0
DA:53,0
DA:56,0
DA:59,0
DA:62,0
DA:65,0
DA:68,0
DA:72,0
DA:75,0
DA:79,0
DA:82,0
DA:86,0
DA:89,0
DA:92,0
DA:95,0
DA:98,0
DA:101,0
DA:104,0
DA:107,0
DA:110,0
DA:113,0
DA:116,0
DA:119,0
DA:122,0
DA:125,0
DA:127,0
DA:130,0
DA:133,0
DA:136,0
DA:139,0
DA:142,0
DA:145,0
DA:148,0
DA:151,0
DA:155,0
DA:159,0
DA:162,0
DA:165,0
DA:168,0
DA:171,0
DA:174,0
DA:177,0
DA:180,0
DA:183,0
DA:186,0
DA:189,0
DA:192,0
DA:195,0
DA:198,0
DA:201,0
DA:204,0
DA:207,0
DA:210,0
DA:213,0
DA:216,0
DA:219,0
DA:222,0
DA:225,0
DA:228,0
DA:231,0
DA:234,0
DA:237,0
DA:240,0
DA:243,0
DA:246,0
DA:249,0
DA:251,0
DA:254,0
DA:257,0
DA:259,0
DA:262,0
DA:265,0
DA:267,0
DA:270,0
DA:272,0
DA:275,0
DA:278,0
DA:281,0
DA:284,0
DA:287,0
DA:290,0
DA:293,0
DA:296,0
DA:299,0
DA:302,0
DA:305,0
DA:308,0
LF:101
LH:0
end_of_record
SF:app_lib/locale/lib/gen_l10n/app_localizations_ja.dart
DA:9,0
DA:11,0
DA:14,0
DA:17,0
DA:20,0
DA:23,0
DA:26,0
DA:29,0
DA:32,0
DA:35,0
DA:38,0
DA:41,0
DA:44,0
DA:47,0
DA:50,0
DA:53,0
DA:56,0
DA:59,0
DA:62,0
DA:65,0
DA:68,0
DA:72,0
DA:75,0
DA:78,0
DA:81,0
DA:84,0
DA:87,0
DA:90,0
DA:93,0
DA:96,0
DA:99,0
DA:102,0
DA:105,0
DA:108,0
DA:111,0
DA:114,0
DA:117,0
DA:120,0
DA:123,0
DA:125,0
DA:128,0
DA:131,0
DA:134,0
DA:137,0
DA:140,0
DA:143,0
DA:146,0
DA:149,0
DA:152,0
DA:155,0
DA:158,0
DA:161,0
DA:164,0
DA:167,0
DA:170,0
DA:173,0
DA:176,0
DA:179,0
DA:182,0
DA:185,0
DA:188,0
DA:191,0
DA:194,0
DA:197,0
DA:200,0
DA:203,0
DA:206,0
DA:209,0
DA:212,0
DA:215,0
DA:218,0
DA:221,0
DA:224,0
DA:227,0
DA:230,0
DA:233,0
DA:236,0
DA:239,0
DA:242,0
DA:245,0
DA:247,0
DA:250,0
DA:253,0
DA:255,0
DA:258,0
DA:261,0
DA:263,0
DA:266,0
DA:268,0
DA:271,0
DA:274,0
DA:277,0
DA:280,0
DA:283,0
DA:286,0
DA:289,0
DA:292,0
DA:295,0
DA:298,0
DA:301,0
DA:304,0
LF:101
LH:0
end_of_record
SF:app_lib/locale/lib/gen_l10n/app_localizations_ko.dart
DA:9,0
DA:11,0
DA:14,0
DA:17,0
DA:20,0
DA:23,0
DA:26,0
DA:29,0
DA:32,0
DA:35,0
DA:38,0
DA:41,0
DA:44,0
DA:47,0
DA:50,0
DA:53,0
DA:56,0
DA:59,0
DA:62,0
DA:65,0
DA:68,0
DA:72,0
DA:75,0
DA:78,0
DA:81,0
DA:84,0
DA:87,0
DA:90,0
DA:93,0
DA:96,0
DA:99,0
DA:102,0
DA:105,0
DA:108,0
DA:111,0
DA:114,0
DA:117,0
DA:120,0
DA:123,0
DA:125,0
DA:128,0
DA:131,0
DA:134,0
DA:137,0
DA:140,0
DA:143,0
DA:146,0
DA:149,0
DA:152,0
DA:155,0
DA:158,0
DA:161,0
DA:164,0
DA:167,0
DA:170,0
DA:173,0
DA:176,0
DA:179,0
DA:182,0
DA:185,0
DA:188,0
DA:191,0
DA:194,0
DA:197,0
DA:200,0
DA:203,0
DA:206,0
DA:209,0
DA:212,0
DA:215,0
DA:218,0
DA:221,0
DA:224,0
DA:227,0
DA:230,0
DA:233,0
DA:236,0
DA:239,0
DA:242,0
DA:245,0
DA:247,0
DA:250,0
DA:253,0
DA:255,0
DA:258,0
DA:261,0
DA:263,0
DA:266,0
DA:268,0
DA:271,0
DA:274,0
DA:277,0
DA:280,0
DA:283,0
DA:286,0
DA:289,0
DA:292,0
DA:295,0
DA:298,0
DA:301,0
DA:304,0
LF:101
LH:0
end_of_record
SF:app_lib/locale/lib/gen_l10n/app_localizations_ru.dart
DA:9,0
DA:11,0
DA:14,0
DA:17,0
DA:20,0
DA:23,0
DA:26,0
DA:29,0
DA:32,0
DA:35,0
DA:38,0
DA:41,0
DA:44,0
DA:47,0
DA:50,0
DA:53,0
DA:56,0
DA:59,0
DA:62,0
DA:65,0
DA:68,0
DA:72,0
DA:75,0
DA:79,0
DA:82,0
DA:85,0
DA:88,0
DA:91,0
DA:94,0
DA:97,0
DA:100,0
DA:103,0
DA:106,0
DA:109,0
DA:112,0
DA:115,0
DA:118,0
DA:121,0
DA:124,0
DA:126,0
DA:129,0
DA:132,0
DA:135,0
DA:138,0
DA:141,0
DA:144,0
DA:147,0
DA:150,0
DA:154,0
DA:158,0
DA:161,0
DA:164,0
DA:167,0
DA:170,0
DA:173,0
DA:176,0
DA:179,0
DA:182,0
DA:185,0
DA:188,0
DA:191,0
DA:194,0
DA:197,0
DA:200,0
DA:203,0
DA:206,0
DA:209,0
DA:212,0
DA:215,0
DA:218,0
DA:221,0
DA:224,0
DA:227,0
DA:230,0
DA:233,0
DA:236,0
DA:239,0
DA:242,0
DA:245,0
DA:248,0
DA:250,0
DA:253,0
DA:256,0
DA:258,0
DA:261,0
DA:264,0
DA:266,0
DA:269,0
DA:271,0
DA:274,0
DA:277,0
DA:280,0
DA:283,0
DA:286,0
DA:289,0
DA:292,0
DA:295,0
DA:298,0
DA:301,0
DA:304,0
DA:307,0
LF:101
LH:0
end_of_record
SF:app_lib/locale/lib/gen_l10n/app_localizations_uk.dart
DA:9,0
DA:11,0
DA:14,0
DA:17,0
DA:20,0
DA:23,0
DA:26,0
DA:29,0
DA:32,0
DA:35,0
DA:38,0
DA:41,0
DA:44,0
DA:47,0
DA:50,0
DA:53,0
DA:56,0
DA:59,0
DA:62,0
DA:65,0
DA:68,0
DA:72,0
DA:75,0
DA:79,0
DA:82,0
DA:85,0
DA:88,0
DA:91,0
DA:94,0
DA:97,0
DA:100,0
DA:103,0
DA:106,0
DA:109,0
DA:112,0
DA:115,0
DA:118,0
DA:121,0
DA:124,0
DA:126,0
DA:129,0
DA:132,0
DA:135,0
DA:138,0
DA:141,0
DA:144,0
DA:147,0
DA:150,0
DA:154,0
DA:158,0
DA:161,0
DA:164,0
DA:167,0
DA:170,0
DA:173,0
DA:176,0
DA:179,0
DA:182,0
DA:185,0
DA:188,0
DA:191,0
DA:194,0
DA:197,0
DA:200,0
DA:203,0
DA:206,0
DA:209,0
DA:212,0
DA:215,0
DA:218,0
DA:221,0
DA:224,0
DA:227,0
DA:230,0
DA:233,0
DA:236,0
DA:239,0
DA:242,0
DA:245,0
DA:248,0
DA:250,0
DA:253,0
DA:256,0
DA:258,0
DA:261,0
DA:264,0
DA:266,0
DA:269,0
DA:271,0
DA:274,0
DA:277,0
DA:280,0
DA:283,0
DA:286,0
DA:289,0
DA:292,0
DA:295,0
DA:298,0
DA:301,0
DA:304,0
DA:307,0
LF:101
LH:0
end_of_record
SF:app_lib/locale/lib/gen_l10n/app_localizations_zh.dart
DA:9,0
DA:11,0
DA:14,0
DA:17,0
DA:20,0
DA:23,0
DA:26,0
DA:29,0
DA:32,0
DA:35,0
DA:38,0
DA:41,0
DA:44,0
DA:47,0
DA:50,0
DA:53,0
DA:56,0
DA:59,0
DA:62,0
DA:65,0
DA:68,0
DA:72,0
DA:75,0
DA:78,0
DA:81,0
DA:84,0
DA:87,0
DA:90,0
DA:93,0
DA:96,0
DA:99,0
DA:102,0
DA:105,0
DA:108,0
DA:111,0
DA:114,0
DA:117,0
DA:120,0
DA:123,0
DA:125,0
DA:128,0
DA:131,0
DA:134,0
DA:137,0
DA:140,0
DA:143,0
DA:146,0
DA:149,0
DA:152,0
DA:155,0
DA:158,0
DA:161,0
DA:164,0
DA:167,0
DA:170,0
DA:173,0
DA:176,0
DA:179,0
DA:182,0
DA:185,0
DA:188,0
DA:191,0
DA:194,0
DA:197,0
DA:200,0
DA:203,0
DA:206,0
DA:209,0
DA:212,0
DA:215,0
DA:218,0
DA:221,0
DA:224,0
DA:227,0
DA:230,0
DA:233,0
DA:236,0
DA:239,0
DA:242,0
DA:245,0
DA:247,0
DA:250,0
DA:253,0
DA:255,0
DA:258,0
DA:261,0
DA:263,0
DA:266,0
DA:268,0
DA:271,0
DA:274,0
DA:277,0
DA:280,0
DA:283,0
DA:286,0
DA:289,0
DA:292,0
DA:295,0
DA:298,0
DA:301,0
DA:304,0
DA:310,0
DA:312,0
DA:315,0
DA:318,0
DA:321,0
DA:324,0
DA:327,0
DA:330,0
DA:333,0
DA:336,0
DA:339,0
DA:342,0
DA:345,0
DA:348,0
DA:351,0
DA:354,0
DA:357,0
DA:360,0
DA:363,0
DA:366,0
DA:370,0
DA:373,0
DA:376,0
DA:379,0
DA:382,0
DA:385,0
DA:388,0
DA:391,0
DA:394,0
DA:397,0
DA:400,0
DA:403,0
DA:406,0
DA:409,0
DA:412,0
DA:415,0
DA:418,0
DA:421,0
DA:423,0
DA:426,0
DA:429,0
DA:432,0
DA:435,0
DA:438,0
DA:441,0
DA:444,0
DA:447,0
DA:450,0
DA:453,0
DA:456,0
DA:459,0
DA:462,0
DA:465,0
DA:468,0
DA:471,0
DA:474,0
DA:477,0
DA:480,0
DA:483,0
DA:486,0
DA:489,0
DA:492,0
DA:495,0
DA:498,0
DA:501,0
DA:504,0
DA:507,0
DA:510,0
DA:513,0
DA:515,0
DA:518,0
DA:520,0
DA:523,0
DA:526,0
DA:528,0
DA:531,0
DA:533,0
DA:539,0
DA:541,0
DA:544,0
DA:547,0
DA:550,0
DA:553,0
DA:556,0
DA:559,0
DA:562,0
DA:565,0
DA:568,0
DA:571,0
DA:574,0
DA:577,0
DA:580,0
DA:583,0
DA:586,0
DA:589,0
DA:592,0
DA:595,0
DA:599,0
DA:602,0
DA:605,0
DA:608,0
DA:611,0
DA:614,0
DA:617,0
DA:620,0
DA:623,0
DA:626,0
DA:629,0
DA:632,0
DA:635,0
DA:638,0
DA:641,0
DA:644,0
DA:647,0
DA:650,0
DA:652,0
DA:655,0
DA:658,0
DA:661,0
DA:664,0
DA:667,0
DA:670,0
DA:673,0
DA:676,0
DA:679,0
DA:682,0
DA:685,0
DA:688,0
DA:691,0
DA:694,0
DA:697,0
DA:700,0
DA:703,0
DA:706,0
DA:709,0
DA:712,0
DA:715,0
DA:718,0
DA:721,0
DA:724,0
DA:727,0
DA:730,0
DA:733,0
DA:736,0
DA:739,0
DA:742,0
DA:744,0
DA:747,0
DA:749,0
DA:752,0
DA:755,0
DA:757,0
DA:760,0
DA:762,0
LF:255
LH:0
end_of_record
SF:lib/screens/settings/app_settings_screen.dart
DA:15,2
DA:16,1
DA:18,1
DA:19,1
DA:23,0
DA:24,1
DA:25,1
DA:26,1
DA:27,1
DA:28,1
DA:29,1
DA:30,1
DA:31,4
DA:32,1
DA:33,1
DA:34,1
DA:35,1
DA:36,1
DA:37,1
DA:38,1
DA:40,1
DA:41,1
DA:47,1
DA:48,1
DA:49,0
DA:50,0
DA:52,0
DA:53,0
DA:54,0
DA:55,0
DA:56,0
DA:57,0
DA:59,0
DA:61,0
DA:62,0
DA:63,0
DA:65,0
DA:80,1
LF:38
LH:24
end_of_record
SF:app_bloc/variable_form/lib/bloc.dart
DA:20,0
DA:21,0
DA:24,0
DA:29,0
DA:31,0
DA:32,0
DA:33,0
DA:36,0
DA:38,0
DA:40,0
DA:44,0
DA:47,0
DA:48,0
DA:49,0
DA:50,0
DA:51,0
DA:52,0
DA:53,0
DA:54,0
DA:56,0
DA:57,0
DA:60,0
DA:62,0
DA:63,0
DA:64,0
DA:65,0
DA:66,0
DA:67,0
DA:68,0
DA:70,0
DA:71,0
DA:72,0
DA:75,0
DA:77,0
DA:78,0
DA:80,0
DA:84,0
DA:85,0
DA:86,0
DA:87,0
DA:88,0
DA:89,0
LF:42
LH:0
end_of_record
SF:third_party/form_bloc/lib/src/blocs/form/form_state.dart
DA:21,0
DA:23,0
DA:25,0
DA:29,0
DA:32,0
DA:42,0
DA:43,0
DA:44,0
DA:49,0
DA:51,0
DA:53,0
DA:56,0
DA:57,0
DA:58,0
DA:59,0
DA:60,0
DA:61,0
DA:66,0
DA:84,0
DA:86,0
DA:88,0
DA:92,0
DA:93,0
DA:94,0
DA:98,0
DA:99,0
DA:100,0
DA:103,0
DA:104,0
DA:120,0
DA:121,0
DA:123,0
DA:125,0
DA:129,0
DA:130,0
DA:132,0
DA:136,0
DA:137,0
DA:139,0
DA:141,0
DA:144,0
DA:145,0
DA:148,0
DA:149,0
DA:151,0
DA:153,0
DA:156,0
DA:157,0
DA:159,0
DA:164,0
DA:166,0
DA:169,0
DA:170,0
DA:171,0
DA:177,0
DA:178,0
DA:180,0
DA:185,0
DA:187,0
DA:189,0
DA:190,0
DA:192,0
DA:193,0
DA:195,0
DA:197,0
DA:199,0
DA:201,0
DA:203,0
DA:204,0
DA:206,0
DA:208,0
DA:217,0
DA:219,0
DA:221,0
DA:224,0
DA:227,0
DA:230,0
DA:232,0
DA:233,0
DA:235,0
DA:243,0
DA:258,0
DA:262,0
DA:263,0
DA:264,0
DA:265,0
DA:266,0
DA:268,0
DA:269,0
DA:278,0
DA:281,0
DA:282,0
DA:283,0
DA:285,0
DA:286,0
DA:288,0
DA:289,0
DA:297,0
DA:298,0
DA:299,0
DA:300,0
DA:301,0
DA:313,0
DA:316,0
DA:317,0
DA:318,0
DA:320,0
DA:321,0
DA:323,0
DA:324,0
DA:326,0
DA:327,0
DA:335,0
DA:340,0
DA:341,0
DA:342,0
DA:345,0
DA:346,0
DA:348,0
DA:349,0
DA:357,0
DA:361,0
DA:362,0
DA:363,0
DA:365,0
DA:366,0
DA:368,0
DA:369,0
DA:377,0
DA:378,0
DA:379,0
DA:380,0
DA:381,0
DA:382,0
DA:389,0
DA:392,0
DA:393,0
DA:394,0
DA:396,0
DA:397,0
DA:399,0
DA:400,0
DA:408,0
DA:411,0
DA:412,0
DA:413,0
DA:415,0
DA:416,0
DA:418,0
DA:419,0
DA:427,0
DA:430,0
DA:431,0
DA:432,0
DA:433,0
DA:434,0
DA:436,0
DA:437,0
DA:443,0
DA:450,0
DA:451,0
DA:452,0
DA:453,0
DA:454,0
DA:455,0
DA:456,0
DA:458,0
DA:459,0
DA:460,0
DA:461,0
DA:462,0
DA:463,0
DA:464,0
DA:466,0
DA:467,0
DA:468,0
DA:469,0
DA:470,0
DA:471,0
DA:473,0
DA:474,0
DA:475,0
DA:476,0
DA:477,0
DA:478,0
DA:479,0
DA:480,0
DA:482,0
DA:483,0
DA:484,0
DA:485,0
DA:486,0
DA:487,0
DA:488,0
DA:489,0
DA:491,0
DA:492,0
DA:493,0
DA:494,0
DA:495,0
DA:496,0
DA:497,0
DA:500,0
DA:501,0
DA:502,0
DA:503,0
DA:504,0
DA:505,0
DA:508,0
DA:509,0
DA:510,0
DA:511,0
DA:512,0
DA:513,0
DA:516,0
DA:517,0
DA:518,0
DA:519,0
DA:520,0
DA:521,0
DA:522,0
DA:525,0
DA:526,0
DA:527,0
DA:528,0
DA:529,0
DA:530,0
DA:531,0
DA:533,0
DA:534,0
DA:535,0
DA:536,0
DA:537,0
DA:538,0
DA:539,0
DA:542,0
DA:543,0
DA:544,0
DA:545,0
DA:546,0
DA:547,0
DA:548,0
DA:555,0
DA:556,0
DA:558,0
DA:559,0
DA:561,0
DA:562,0
DA:563,0
DA:570,0
DA:572,0
DA:573,0
DA:574,0
DA:581,0
DA:583,0
DA:585,0
DA:587,0
DA:589,0
DA:590,0
DA:592,0
DA:593,0
DA:594,0
DA:595,0
DA:596,0
DA:597,0
DA:617,0
DA:623,0
DA:624,0
DA:626,0
DA:627,0
DA:628,0
DA:629,0
DA:630,0
DA:631,0
DA:632,0
DA:635,0
DA:636,0
DA:637,0
DA:655,0
DA:657,0
DA:665,0
DA:666,0
DA:667,0
DA:668,0
DA:669,0
DA:670,0
DA:671,0
DA:674,0
DA:675,0
DA:676,0
DA:688,0
DA:695,0
DA:696,0
DA:697,0
DA:698,0
DA:699,0
DA:700,0
DA:723,0
DA:730,0
DA:731,0
DA:733,0
DA:734,0
DA:735,0
DA:736,0
DA:737,0
DA:738,0
DA:739,0
DA:740,0
DA:743,0
DA:744,0
DA:745,0
DA:746,0
DA:766,0
DA:768,0
DA:778,0
DA:779,0
DA:780,0
DA:781,0
DA:782,0
DA:783,0
DA:784,0
DA:785,0
DA:786,0
DA:789,0
DA:790,0
DA:791,0
DA:792,0
DA:810,0
DA:812,0
DA:820,0
DA:821,0
DA:822,0
DA:823,0
DA:824,0
DA:825,0
DA:826,0
DA:829,0
DA:830,0
DA:831,0
DA:845,0
DA:852,0
DA:853,0
DA:854,0
DA:855,0
DA:856,0
DA:857,0
DA:867,0
DA:874,0
DA:875,0
DA:876,0
DA:877,0
DA:878,0
DA:879,0
DA:890,0
DA:896,0
DA:897,0
DA:899,0
DA:900,0
DA:901,0
DA:902,0
DA:903,0
DA:904,0
DA:905,0
DA:908,0
DA:909,0
DA:910,0
DA:928,0
DA:930,0
DA:938,0
DA:939,0
DA:940,0
DA:941,0
DA:942,0
DA:943,0
DA:944,0
DA:947,0
DA:948,0
DA:949,0
DA:967,0
DA:969,0
DA:977,0
DA:978,0
DA:979,0
DA:980,0
DA:981,0
DA:982,0
DA:983,0
DA:986,0
DA:987,0
DA:988,0
DA:1006,0
DA:1012,0
DA:1013,0
DA:1015,0
DA:1016,0
DA:1017,0
DA:1018,0
DA:1019,0
DA:1020,0
DA:1021,0
DA:1024,0
DA:1025,0
DA:1026,0
LF:403
LH:0
end_of_record
SF:third_party/form_bloc/lib/src/blocs/form/form_bloc.dart
DA:41,0
DA:46,0
DA:47,0
DA:51,0
DA:52,0
DA:53,0
DA:56,0
DA:58,0
DA:59,0
DA:61,0
DA:62,0
DA:64,0
DA:65,0
DA:69,0
DA:72,0
DA:75,0
DA:76,0
DA:77,0
DA:78,0
DA:79,0
DA:80,0
DA:86,0
DA:89,0
DA:90,0
DA:93,0
DA:94,0
DA:95,0
DA:96,0
DA:97,0
DA:99,0
DA:100,0
DA:110,0
DA:112,0
DA:113,0
DA:121,0
DA:124,0
DA:126,0
DA:139,0
DA:147,0
DA:154,0
DA:163,0
DA:166,0
DA:169,0
DA:170,0
DA:171,0
DA:172,0
DA:177,0
DA:181,0
DA:186,0
DA:187,0
DA:192,0
DA:193,0
DA:195,0
DA:199,0
DA:202,0
DA:203,0
DA:206,0
DA:207,0
DA:215,0
DA:216,0
DA:223,0
DA:224,0
DA:231,0
DA:232,0
DA:237,0
DA:238,0
DA:247,0
DA:252,0
DA:261,0
DA:262,0
DA:269,0
DA:270,0
DA:275,0
DA:276,0
DA:283,0
DA:284,0
DA:291,0
DA:292,0
DA:304,0
DA:305,0
DA:310,0
DA:311,0
DA:316,0
DA:317,0
DA:322,0
DA:323,0
DA:329,0
DA:330,0
DA:332,0
DA:334,0
DA:336,0
DA:338,0
DA:339,0
DA:340,0
DA:341,0
DA:342,0
DA:344,0
DA:345,0
DA:349,0
DA:351,0
DA:352,0
DA:353,0
DA:355,0
DA:359,0
DA:361,0
DA:364,0
DA:367,0
DA:370,0
DA:371,0
DA:372,0
DA:373,0
DA:375,0
DA:376,0
DA:377,0
DA:379,0
DA:383,0
DA:384,0
DA:385,0
DA:386,0
DA:390,0
DA:393,0
DA:397,0
DA:398,0
DA:399,0
DA:400,0
DA:402,0
DA:406,0
DA:408,0
DA:410,0
DA:411,0
DA:415,0
DA:416,0
DA:417,0
DA:418,0
DA:419,0
DA:420,0
DA:422,0
DA:423,0
DA:424,0
DA:425,0
DA:426,0
DA:429,0
DA:433,0
DA:434,0
DA:435,0
DA:436,0
DA:437,0
DA:438,0
DA:441,0
DA:444,0
DA:445,0
DA:446,0
DA:447,0
DA:451,0
DA:452,0
DA:453,0
DA:457,0
DA:461,0
DA:462,0
DA:465,0
DA:467,0
DA:468,0
DA:471,0
DA:472,0
DA:473,0
DA:474,0
DA:475,0
DA:476,0
DA:479,0
DA:480,0
DA:481,0
DA:482,0
DA:487,0
DA:491,0
DA:492,0
DA:495,0
DA:497,0
DA:498,0
DA:503,0
DA:504,0
DA:505,0
DA:506,0
DA:507,0
DA:509,0
DA:510,0
DA:514,0
DA:516,0
DA:517,0
DA:518,0
DA:519,0
DA:520,0
DA:521,0
DA:527,0
DA:529,0
DA:531,0
DA:532,0
DA:533,0
LF:197
LH:0
end_of_record
SF:app_bloc/variable/lib/variable_bloc.dart
DA:10,0
DA:11,0
DA:12,0
DA:13,0
DA:14,0
DA:17,0
DA:21,0
DA:22,0
DA:23,0
DA:24,0
DA:29,0
DA:32,0
DA:33,0
DA:34,0
DA:39,0
DA:40,0
DA:42,0
DA:43,0
DA:47,0
DA:51,0
DA:53,0
DA:54,0
DA:57,0
DA:58,0
DA:59,0
DA:60,0
DA:64,0
DA:66,0
DA:67,0
DA:71,0
DA:75,0
DA:77,0
DA:78,0
DA:81,0
DA:82,0
DA:83,0
DA:84,0
DA:85,0
DA:89,0
DA:91,0
DA:92,0
DA:96,0
DA:100,0
DA:102,0
DA:103,0
DA:106,0
DA:107,0
DA:108,0
DA:109,0
DA:113,0
DA:115,0
DA:116,0
LF:52
LH:0
end_of_record
SF:app_bloc/variable/lib/variable_event.dart
DA:10,0
DA:18,0
DA:27,0
DA:40,0
LF:4
LH:0
end_of_record
SF:app_bloc/variable/lib/variable_state.dart
DA:14,0
DA:20,0
LF:2
LH:0
end_of_record
SF:app_bloc/theme/lib/src/bloc.dart
DA:10,6
DA:11,4
DA:12,4
DA:15,0
DA:19,0
DA:20,0
DA:23,0
DA:27,0
DA:28,0
LF:9
LH:3
end_of_record
SF:app_bloc/theme/lib/src/event.dart
DA:5,2
DA:11,2
DA:17,0
LF:3
LH:2
end_of_record
SF:app_bloc/theme/lib/src/state.dart
DA:7,2
DA:8,2
DA:9,2
DA:10,2
DA:11,2
DA:14,4
DA:15,6
DA:16,6
DA:18,2
DA:21,2
DA:26,0
DA:27,0
DA:29,0
DA:30,0
DA:31,0
DA:32,0
LF:16
LH:10
end_of_record
SF:app_bloc/template/lib/template_state.dart
DA:14,0
DA:20,0
LF:2
LH:0
end_of_record
SF:app_bloc/template/lib/template_bloc.dart
DA:10,0
DA:11,0
DA:14,0
DA:18,0
DA:19,0
DA:20,0
DA:22,0
DA:26,0
DA:29,0
DA:30,0
DA:31,0
DA:35,0
DA:36,0
DA:38,0
DA:39,0
LF:15
LH:0
end_of_record
SF:app_bloc/template/lib/template_event.dart
DA:10,0
LF:1
LH:0
end_of_record
SF:app_bloc/team/lib/team_state.dart
DA:14,0
DA:20,0
LF:2
LH:0
end_of_record
SF:app_bloc/team/lib/team_event.dart
DA:10,0
LF:1
LH:0
end_of_record
SF:app_bloc/team/lib/team_bloc.dart
DA:10,0
DA:11,0
DA:14,0
DA:15,0
DA:16,0
DA:18,0
DA:21,0
DA:22,0
DA:23,0
DA:28,0
DA:29,0
DA:31,0
DA:32,0
LF:13
LH:0
end_of_record
SF:app_bloc/task_output/lib/task_output_state.dart
DA:14,0
DA:20,0
LF:2
LH:0
end_of_record
SF:app_bloc/task_output/lib/task_output_bloc.dart
DA:9,0
DA:10,0
DA:13,0
DA:18,0
DA:19,0
DA:22,0
DA:23,0
DA:24,0
DA:25,0
DA:26,0
DA:28,0
DA:29,0
DA:30,0
DA:31,0
DA:32,0
DA:34,0
DA:35,0
DA:39,0
DA:41,0
LF:19
LH:0
end_of_record
SF:app_bloc/task_output/lib/task_output_event.dart
DA:11,0
LF:1
LH:0
end_of_record
SF:app_bloc/task/lib/task_state.dart
DA:10,0
DA:18,0
DA:28,0
LF:3
LH:0
end_of_record
SF:app_bloc/task/lib/task_bloc.dart
DA:9,0
DA:10,0
DA:13,0
DA:15,0
DA:16,0
DA:17,0
DA:18,0
DA:19,0
DA:20,0
DA:23,0
DA:27,0
DA:30,0
DA:31,0
DA:32,0
DA:33,0
DA:34,0
DA:36,0
DA:38,0
DA:41,0
DA:44,0
DA:46,0
DA:47,0
DA:48,0
DA:50,0
DA:52,0
LF:25
LH:0
end_of_record
SF:app_bloc/task/lib/task_event.dart
DA:12,0
LF:1
LH:0
end_of_record
SF:third_party/settings_ui/lib/src/list/settings_list.dart
DA:8,2
DA:23,2
DA:25,4
DA:26,2
DA:28,2
DA:29,4
DA:30,2
DA:31,2
DA:33,2
DA:36,2
DA:37,2
DA:38,2
DA:39,4
DA:40,2
DA:41,2
DA:42,2
DA:43,4
DA:50,2
DA:52,2
DA:53,2
DA:54,0
DA:56,0
DA:57,0
DA:58,0
DA:59,0
DA:60,0
DA:61,0
DA:62,0
DA:65,0
DA:69,2
DA:70,2
DA:71,2
DA:72,2
DA:73,2
DA:74,0
DA:75,2
DA:76,0
DA:77,0
DA:78,0
LF:39
LH:26
end_of_record
SF:third_party/settings_ui/lib/src/sections/abstract_settings_section.dart
DA:4,2
LF:1
LH:1
end_of_record
SF:third_party/settings_ui/lib/src/sections/custom_settings_section.dart
DA:5,0
DA:12,0
DA:14,0
LF:3
LH:0
end_of_record
SF:third_party/settings_ui/lib/src/sections/settings_section.dart
DA:10,2
DA:21,2
DA:23,2
DA:25,2
DA:26,2
DA:27,2
DA:28,2
DA:29,0
DA:30,0
DA:31,0
DA:32,0
DA:34,2
DA:35,2
DA:36,0
DA:37,2
DA:38,2
DA:39,2
DA:40,2
DA:42,0
DA:43,0
DA:44,0
DA:45,0
DA:46,0
DA:47,0
LF:24
LH:13
end_of_record
SF:third_party/settings_ui/lib/src/tiles/abstract_settings_tile.dart
DA:4,2
LF:1
LH:1
end_of_record
SF:third_party/settings_ui/lib/src/tiles/custom_settings_tile.dart
DA:5,0
DA:12,0
DA:14,0
LF:3
LH:0
end_of_record
SF:third_party/settings_ui/lib/src/tiles/settings_tile.dart
DA:12,1
DA:22,1
DA:23,1
DA:24,1
DA:25,1
DA:26,1
DA:29,1
DA:39,1
DA:40,1
DA:41,1
DA:42,1
DA:43,1
DA:46,0
DA:58,0
DA:59,0
DA:60,0
DA:63,0
DA:74,0
DA:75,0
DA:76,0
DA:77,0
DA:103,2
DA:104,2
DA:105,0
DA:115,2
DA:118,2
DA:120,2
DA:122,2
DA:123,2
DA:124,2
DA:125,2
DA:126,0
DA:127,0
DA:128,0
DA:129,0
DA:130,0
DA:131,0
DA:132,0
DA:133,0
DA:134,0
DA:135,0
DA:136,0
DA:137,0
DA:139,2
DA:140,2
DA:141,0
DA:142,2
DA:143,2
DA:144,2
DA:145,2
DA:146,2
DA:147,2
DA:148,2
DA:149,2
DA:150,2
DA:151,2
DA:152,2
DA:153,2
DA:155,0
DA:156,0
DA:157,0
DA:158,0
DA:159,0
DA:160,0
DA:161,0
DA:162,0
DA:163,0
DA:164,0
DA:165,0
DA:166,0
DA:167,0
DA:168,0
LF:72
LH:35
end_of_record
SF:third_party/settings_ui/lib/src/utils/platform_utils.dart
DA:29,2
DA:33,2
DA:36,2
DA:39,2
DA:42,2
DA:45,2
DA:48,0
LF:7
LH:6
end_of_record
SF:third_party/settings_ui/lib/src/utils/settings_theme.dart
DA:8,2
DA:14,0
DA:17,2
DA:18,2
DA:21,2
DA:22,2
DA:23,2
DA:29,2
DA:31,0
DA:32,4
DA:33,2
DA:36,2
DA:38,0
DA:40,2
DA:41,2
DA:42,2
DA:43,0
DA:44,2
DA:45,2
DA:46,0
DA:47,2
DA:49,0
DA:53,0
DA:56,0
DA:58,0
DA:60,0
DA:62,0
DA:64,0
DA:66,0
DA:68,0
DA:70,0
DA:72,0
DA:84,2
DA:87,2
DA:89,2
DA:91,2
DA:93,2
DA:95,2
DA:97,2
DA:99,2
DA:101,2
DA:103,2
DA:112,2
DA:113,2
DA:117,0
DA:120,0
DA:122,0
DA:124,0
DA:126,0
DA:128,0
DA:130,0
DA:132,0
DA:134,0
DA:145,2
DA:171,0
DA:176,0
DA:177,0
DA:178,0
DA:179,0
DA:180,0
DA:181,0
DA:182,0
DA:183,0
DA:184,0
DA:185,0
DA:186,0
DA:187,0
DA:191,0
DA:204,0
DA:206,0
DA:207,0
DA:208,0
DA:210,0
DA:211,0
DA:213,0
DA:214,0
DA:215,0
DA:216,0
DA:218,0
DA:220,0
LF:80
LH:29
end_of_record
SF:third_party/settings_ui/lib/src/sections/platforms/android_settings_section.dart
DA:5,0
DA:16,0
DA:18,0
DA:21,0
DA:22,0
DA:23,0
DA:24,0
DA:26,0
DA:30,0
DA:32,0
DA:33,0
DA:34,0
DA:35,0
DA:36,0
DA:40,0
DA:41,0
DA:42,0
DA:43,0
DA:45,0
DA:48,0
DA:49,0
DA:56,0
DA:57,0
DA:59,0
DA:61,0
DA:62,0
DA:63,0
LF:27
LH:0
end_of_record
SF:third_party/settings_ui/lib/src/sections/platforms/ios_settings_section.dart
DA:6,2
DA:17,2
DA:19,2
DA:20,6
DA:21,6
DA:22,4
DA:24,2
DA:25,2
DA:26,2
DA:27,2
DA:29,2
DA:30,0
DA:34,2
DA:36,2
DA:37,2
DA:38,2
DA:39,2
DA:41,2
DA:43,2
DA:44,2
DA:45,4
DA:46,8
DA:48,2
DA:51,2
DA:57,2
DA:58,2
DA:60,4
DA:62,2
DA:63,2
DA:64,4
DA:68,2
DA:69,1
DA:70,4
DA:71,4
DA:77,8
DA:78,3
DA:79,1
DA:80,1
DA:84,2
DA:87,8
LF:40
LH:39
end_of_record
SF:third_party/settings_ui/lib/src/tiles/platforms/ios_settings_tile.dart
DA:8,2
DA:35,2
DA:36,2
DA:42,2
DA:44,2
DA:45,2
DA:47,2
DA:48,4
DA:49,2
DA:50,2
DA:51,2
DA:56,4
DA:57,0
DA:67,2
DA:72,2
DA:73,2
DA:74,2
DA:80,2
DA:81,2
DA:82,2
DA:83,2
DA:85,2
DA:86,2
DA:93,0
DA:98,0
DA:100,0
DA:101,0
DA:102,0
DA:105,0
DA:106,0
DA:108,0
DA:109,0
DA:111,0
DA:112,0
DA:113,0
DA:116,0
DA:121,2
DA:125,4
DA:126,4
DA:127,2
DA:128,0
DA:129,0
DA:130,0
DA:131,0
DA:132,0
DA:134,4
DA:135,1
DA:136,1
DA:137,2
DA:138,2
DA:139,0
DA:142,2
DA:144,1
DA:146,1
DA:147,1
DA:148,3
DA:149,1
DA:151,1
DA:155,2
DA:159,0
DA:160,0
DA:161,0
DA:162,0
DA:167,2
DA:172,4
DA:174,2
DA:176,4
DA:178,0
DA:179,0
DA:181,0
DA:183,0
DA:184,0
DA:185,0
DA:188,0
DA:189,0
DA:190,0
DA:191,0
DA:192,0
DA:193,0
DA:194,2
DA:195,2
DA:196,0
DA:197,4
DA:198,2
DA:199,2
DA:201,2
DA:202,4
DA:203,2
DA:205,2
DA:206,2
DA:207,4
DA:208,4
DA:209,0
DA:211,4
DA:214,2
DA:215,2
DA:218,2
DA:219,2
DA:221,2
DA:223,2
DA:224,2
DA:226,2
DA:227,2
DA:228,2
DA:230,2
DA:231,2
DA:232,4
DA:233,4
DA:234,0
DA:237,4
DA:240,2
DA:241,2
DA:242,2
DA:243,2
DA:244,2
DA:246,2
DA:247,2
DA:248,2
DA:249,2
DA:250,2
DA:253,2
DA:258,4
DA:259,2
DA:260,1
DA:263,2
DA:280,2
DA:287,0
DA:290,2
DA:292,2
DA:295,0
DA:299,0
LF:131
LH:89
end_of_record
SF:third_party/settings_ui/lib/src/sections/platforms/web_settings_section.dart
DA:5,0
DA:16,0
DA:18,0
DA:21,0
DA:22,0
DA:23,0
DA:25,0
DA:26,0
DA:27,0
DA:29,0
DA:30,0
DA:31,0
DA:32,0
DA:33,0
DA:34,0
DA:36,0
DA:38,0
DA:39,0
DA:40,0
DA:41,0
DA:43,0
DA:46,0
DA:48,0
DA:50,0
DA:51,0
DA:58,0
DA:59,0
DA:61,0
DA:63,0
DA:64,0
DA:65,0
DA:67,0
DA:68,0
LF:33
LH:0
end_of_record
SF:third_party/settings_ui/lib/src/tiles/platforms/android_settings_tile.dart
DA:5,0
DA:32,0
DA:34,0
DA:35,0
DA:37,0
DA:38,0
DA:39,0
DA:41,0
DA:42,0
DA:43,0
DA:45,0
DA:48,0
DA:49,0
DA:50,0
DA:52,0
DA:55,0
DA:56,0
DA:57,0
DA:58,0
DA:59,0
DA:60,0
DA:62,0
DA:63,0
DA:64,0
DA:65,0
DA:66,0
DA:68,0
DA:71,0
DA:72,0
DA:73,0
DA:76,0
DA:77,0
DA:79,0
DA:81,0
DA:82,0
DA:83,0
DA:84,0
DA:85,0
DA:86,0
DA:90,0
DA:92,0
DA:93,0
DA:94,0
DA:95,0
DA:96,0
DA:97,0
DA:98,0
DA:99,0
DA:101,0
DA:104,0
DA:105,0
DA:106,0
DA:107,0
DA:108,0
DA:109,0
DA:110,0
DA:111,0
DA:113,0
DA:120,0
DA:121,0
DA:122,0
DA:123,0
DA:124,0
DA:126,0
DA:127,0
DA:128,0
DA:129,0
DA:130,0
DA:131,0
DA:136,0
DA:137,0
DA:140,0
DA:141,0
DA:142,0
DA:143,0
DA:144,0
DA:145,0
DA:148,0
DA:149,0
DA:151,0
LF:80
LH:0
end_of_record
SF:third_party/settings_ui/lib/src/tiles/platforms/web_settings_tile.dart
DA:5,0
DA:32,0
DA:34,0
DA:35,0
DA:37,0
DA:38,0
DA:39,0
DA:41,0
DA:42,0
DA:43,0
DA:45,0
DA:48,0
DA:49,0
DA:50,0
DA:52,0
DA:55,0
DA:56,0
DA:57,0
DA:58,0
DA:59,0
DA:60,0
DA:64,0
DA:65,0
DA:66,0
DA:68,0
DA:71,0
DA:72,0
DA:73,0
DA:76,0
DA:77,0
DA:79,0
DA:81,0
DA:82,0
DA:83,0
DA:84,0
DA:88,0
DA:90,0
DA:91,0
DA:92,0
DA:93,0
DA:94,0
DA:95,0
DA:97,0
DA:100,0
DA:101,0
DA:102,0
DA:103,0
DA:104,0
DA:105,0
DA:107,0
DA:127,0
DA:128,0
DA:129,0
DA:130,0
DA:131,0
DA:133,0
DA:134,0
DA:135,0
DA:136,0
DA:137,0
DA:142,0
DA:143,0
DA:146,0
DA:147,0
DA:148,0
DA:149,0
DA:150,0
DA:153,0
DA:154,0
DA:156,0
LF:70
LH:0
end_of_record
SF:app_bloc/server_form/lib/bloc.dart
DA:21,0
DA:22,0
DA:25,0
DA:28,0
DA:29,0
DA:30,0
DA:32,0
DA:33,0
DA:35,0
DA:36,0
DA:39,0
DA:40,0
DA:41,0
DA:43,0
DA:47,0
DA:49,0
LF:16
LH:0
end_of_record
SF:app_bloc/server/lib/src/bloc.dart
DA:18,1
DA:23,2
DA:24,2
DA:25,2
DA:26,2
DA:27,2
DA:28,2
DA:31,0
DA:35,0
DA:36,0
DA:37,0
DA:39,0
DA:42,0
DA:46,0
DA:47,0
DA:48,0
DA:49,0
DA:50,0
DA:51,0
DA:52,0
DA:53,0
DA:54,0
DA:58,0
DA:59,0
DA:60,0
DA:62,0
DA:63,0
DA:64,0
DA:66,0
DA:67,0
DA:70,0
DA:74,0
DA:75,0
DA:76,0
DA:77,0
DA:78,0
DA:79,0
DA:80,0
DA:81,0
DA:82,0
DA:83,0
DA:87,0
DA:88,0
DA:89,0
DA:91,0
DA:94,0
DA:98,0
DA:99,0
DA:100,0
DA:102,0
DA:105,0
DA:108,0
DA:109,0
DA:113,0
DA:118,0
DA:119,0
DA:120,0
DA:123,0
DA:124,0
DA:125,0
DA:127,0
DA:128,0
DA:129,0
DA:131,0
DA:132,0
DA:134,0
DA:135,0
DA:136,0
DA:138,0
DA:139,0
DA:141,0
DA:143,0
DA:149,0
DA:154,0
DA:155,0
DA:156,0
DA:159,0
DA:160,0
DA:161,0
DA:164,0
DA:165,0
DA:166,0
DA:167,0
DA:168,0
DA:169,0
DA:170,0
DA:171,0
DA:172,0
DA:174,0
DA:180,0
DA:181,0
DA:182,0
DA:184,0
DA:186,0
LF:94
LH:7
end_of_record
SF:app_bloc/server/lib/src/event.dart
DA:12,0
DA:18,0
DA:24,0
DA:30,0
DA:40,0
LF:5
LH:0
end_of_record
SF:app_bloc/server/lib/src/state.dart
DA:12,0
DA:13,0
DA:14,0
DA:16,0
DA:20,0
DA:23,1
DA:30,0
DA:36,0
DA:37,0
DA:38,0
DA:39,0
DA:40,0
DA:44,0
DA:50,0
DA:51,0
DA:52,0
DA:54,0
DA:55,0
DA:56,0
DA:60,0
DA:63,0
DA:64,0
DA:65,0
DA:66,0
DA:67,0
DA:68,0
DA:70,0
DA:72,0
DA:74,0
DA:76,0
LF:30
LH:1
end_of_record
SF:lib/destination.dart
DA:9,2
DA:10,2
DA:11,2
DA:15,4
DA:17,2
DA:21,4
DA:23,2
DA:27,4
DA:31,2
DA:32,10
DA:35,0
DA:37,0
DA:38,0
DA:39,0
DA:40,0
LF:15
LH:10
end_of_record
SF:lib/screens/project/project_screen.dart
DA:24,0
DA:27,0
DA:29,0
DA:30,0
DA:31,0
DA:32,0
DA:33,0
DA:34,0
DA:35,0
DA:36,0
DA:37,0
DA:38,0
DA:39,0
DA:40,0
DA:42,0
DA:43,0
DA:44,0
DA:46,0
DA:47,0
DA:48,0
DA:49,0
DA:54,0
DA:55,0
DA:57,0
DA:62,0
DA:64,0
DA:65,0
DA:66,0
DA:67,0
DA:68,0
DA:69,0
DA:72,0
DA:75,0
DA:77,0
DA:78,0
DA:79,0
DA:80,0
DA:81,0
DA:82,0
DA:85,0
DA:88,0
DA:90,0
DA:91,0
DA:92,0
DA:93,0
DA:94,0
DA:95,0
DA:98,0
DA:101,0
DA:103,0
DA:104,0
DA:105,0
DA:108,0
DA:110,0
DA:111,0
DA:112,0
DA:115,0
DA:117,0
DA:118,0
DA:119,0
DA:122,0
DA:124,0
DA:125,0
DA:126,0
DA:129,0
DA:131,0
DA:132,0
DA:133,0
DA:136,0
DA:138,0
DA:139,0
DA:140,0
DA:143,0
DA:145,0
DA:146,0
DA:147,0
LF:76
LH:0
end_of_record
SF:lib/screens/server/server_screen.dart
DA:12,0
DA:14,0
DA:16,0
DA:17,0
DA:18,0
DA:19,0
DA:20,0
DA:21,0
DA:22,0
DA:23,0
DA:25,0
DA:26,0
DA:30,0
DA:31,0
DA:32,0
DA:38,0
DA:41,0
DA:42,0
DA:43,0
DA:44,0
DA:52,0
DA:53,0
DA:54,0
DA:55,0
DA:56,0
DA:58,0
DA:59,0
DA:63,0
DA:64,0
DA:65,0
DA:71,0
DA:74,0
DA:75,0
DA:76,0
DA:77,0
DA:85,0
DA:89,0
LF:37
LH:0
end_of_record
SF:lib/screens/settings/settings_screen.dart
DA:10,1
DA:11,1
DA:13,1
DA:14,1
DA:15,0
DA:16,1
DA:17,2
DA:18,1
DA:19,1
DA:20,4
DA:21,1
DA:22,2
DA:23,1
DA:24,3
DA:32,1
DA:33,0
DA:34,0
DA:36,0
DA:37,0
DA:38,0
DA:41,0
DA:42,0
DA:43,0
DA:44,0
DA:52,0
LF:25
LH:14
end_of_record
SF:app_lib/utils/lib/src/auto_refresh_state.dart
DA:13,0
DA:15,0
DA:16,0
DA:17,0
DA:18,0
DA:20,0
DA:21,0
DA:25,0
DA:28,0
DA:29,0
DA:32,0
DA:35,0
DA:37,0
DA:40,0
DA:41,0
DA:42,0
DA:43,0
DA:46,0
DA:49,0
DA:52,0
DA:53,0
DA:54,0
DA:56,0
DA:58,0
DA:59,0
DA:60,0
DA:65,0
DA:66,0
DA:67,0
DA:69,0
DA:70,0
DA:71,0
DA:74,0
DA:80,0
DA:82,0
DA:83,0
DA:84,0
DA:85,0
DA:87,0
DA:88,0
DA:89,0
DA:90,0
LF:42
LH:0
end_of_record
SF:lib/screens/project/activity_screen.dart
DA:13,0
DA:16,0
DA:17,0
DA:22,0
DA:24,0
DA:25,0
DA:26,0
DA:30,0
DA:32,0
DA:33,0
DA:37,0
DA:38,0
DA:39,0
DA:40,0
DA:41,0
DA:42,0
DA:45,0
DA:46,0
DA:47,0
DA:49,0
DA:50,0
DA:51,0
DA:59,0
DA:60,0
DA:61,0
DA:62,0
DA:63,0
DA:64,0
DA:65,0
DA:66,0
DA:67,0
DA:71,0
DA:72,0
DA:73,0
DA:80,0
DA:81,0
DA:82,0
DA:83,0
DA:84,0
DA:88,0
DA:89,0
DA:90,0
DA:91,0
DA:92,0
DA:93,0
DA:95,0
DA:107,0
DA:108,0
DA:109,0
DA:110,0
DA:113,0
DA:114,0
DA:115,0
DA:117,0
DA:118,0
DA:119,0
DA:127,0
DA:128,0
DA:129,0
DA:134,0
DA:135,0
DA:136,0
DA:137,0
DA:138,0
DA:139,0
DA:141,0
DA:157,0
DA:167,0
DA:168,0
DA:170,0
DA:171,0
DA:173,0
DA:174,0
DA:175,0
DA:178,0
DA:179,0
DA:180,0
DA:182,0
DA:183,0
DA:184,0
DA:188,0
DA:189,0
DA:191,0
DA:192,0
DA:193,0
LF:85
LH:0
end_of_record
SF:app_lib/database/lib/server.dart
DA:9,0
DA:10,0
DA:11,0
DA:13,0
DA:16,0
DA:19,0
DA:20,0
DA:24,0
DA:25,0
DA:26,0
DA:27,0
DA:32,0
DA:33,0
LF:13
LH:0
end_of_record
SF:lib/screens/project/history_screen.dart
DA:19,0
DA:22,0
DA:23,0
DA:28,0
DA:30,0
DA:31,0
DA:32,0
DA:36,0
DA:37,0
DA:38,0
DA:43,0
DA:53,0
DA:54,0
DA:56,0
DA:57,0
DA:59,0
DA:60,0
DA:61,0
DA:64,0
DA:65,0
DA:67,0
DA:68,0
DA:71,0
DA:72,0
DA:74,0
DA:75,0
DA:82,0
DA:84,0
DA:85,0
DA:89,0
DA:90,0
DA:91,0
DA:92,0
DA:93,0
DA:94,0
DA:97,0
DA:98,0
DA:99,0
DA:101,0
DA:102,0
DA:103,0
DA:111,0
DA:112,0
DA:113,0
DA:114,0
DA:115,0
DA:116,0
DA:118,0
DA:119,0
DA:120,0
DA:128,0
DA:129,0
DA:130,0
DA:137,0
DA:138,0
DA:139,0
DA:142,0
DA:143,0
DA:144,0
DA:145,0
DA:146,0
DA:147,0
DA:148,0
DA:149,0
DA:150,0
DA:151,0
DA:152,0
DA:153,0
DA:154,0
DA:155,0
DA:157,0
DA:158,0
DA:159,0
DA:166,0
DA:167,0
DA:168,0
DA:169,0
DA:171,0
DA:172,0
DA:173,0
DA:181,0
DA:183,0
DA:184,0
DA:185,0
DA:189,0
DA:190,0
DA:191,0
DA:192,0
DA:195,0
DA:196,0
DA:198,0
DA:200,0
DA:201,0
DA:203,0
DA:205,0
DA:207,0
DA:208,0
DA:209,0
DA:230,0
DA:234,0
DA:235,0
DA:236,0
DA:241,0
DA:242,0
DA:243,0
DA:251,0
DA:254,0
DA:257,0
DA:260,0
DA:263,0
DA:269,0
DA:271,0
DA:273,0
DA:274,0
DA:277,0
DA:280,0
DA:282,0
DA:283,0
DA:287,0
DA:289,0
DA:291,0
DA:292,0
DA:297,0
DA:298,0
DA:299,0
LF:125
LH:0
end_of_record
SF:app_widget/feedback/lib/components/task/run_task.dart
DA:11,0
DA:19,0
DA:21,0
DA:22,0
DA:23,0
DA:25,0
DA:26,0
DA:32,0
DA:34,0
DA:35,0
DA:36,0
DA:37,0
DA:38,0
DA:39,0
DA:41,0
DA:43,0
DA:44,0
DA:45,0
DA:46,0
DA:50,0
DA:53,0
DA:54,0
DA:55,0
DA:57,0
DA:58,0
DA:59,0
DA:60,0
DA:62,0
DA:63,0
DA:64,0
DA:65,0
DA:70,0
DA:71,0
DA:72,0
DA:75,0
DA:76,0
DA:77,0
DA:79,0
DA:80,0
DA:81,0
DA:83,0
DA:84,0
DA:86,0
DA:87,0
DA:88,0
DA:90,0
DA:91,0
DA:92,0
DA:93,0
DA:94,0
DA:97,0
DA:98,0
DA:99,0
DA:104,0
DA:105,0
DA:106,0
DA:107,0
DA:108,0
DA:109,0
DA:110,0
DA:111,0
DA:112,0
DA:113,0
DA:115,0
DA:117,0
DA:118,0
DA:119,0
DA:120,0
DA:122,0
DA:123,0
DA:124,0
DA:125,0
DA:128,0
DA:134,0
DA:135,0
DA:141,0
DA:142,0
DA:146,0
DA:147,0
DA:148,0
DA:149,0
DA:153,0
DA:154,0
DA:155,0
DA:156,0
DA:160,0
DA:161,0
DA:162,0
DA:163,0
DA:164,0
DA:166,0
DA:168,0
DA:175,0
DA:176,0
DA:177,0
DA:179,0
DA:181,0
DA:184,0
DA:185,0
DA:186,0
DA:189,0
DA:190,0
DA:194,0
DA:195,0
LF:104
LH:0
end_of_record
SF:app_widget/feedback/lib/components/task/show_task_output.dart
DA:10,0
DA:16,0
DA:18,0
DA:19,0
DA:20,0
DA:21,0
DA:22,0
DA:23,0
DA:24,0
DA:25,0
DA:26,0
DA:35,0
DA:37,0
DA:38,0
DA:39,0
DA:40,0
DA:43,0
DA:44,0
DA:49,0
DA:50,0
DA:56,0
DA:57,0
DA:64,0
DA:65,0
DA:66,0
DA:72,0
DA:73,0
DA:75,0
DA:96,0
DA:98,0
DA:100,0
DA:101,0
DA:102,0
DA:103,0
DA:106,0
DA:109,0
DA:110,0
DA:112,0
DA:113,0
DA:115,0
DA:120,0
DA:122,0
DA:124,0
DA:125,0
DA:126,0
DA:127,0
DA:129,0
DA:133,0
DA:134,0
DA:135,0
DA:138,0
DA:139,0
DA:140,0
DA:141,0
DA:146,0
DA:147,0
DA:148,0
DA:149,0
DA:151,0
DA:156,0
DA:158,0
DA:162,0
LF:62
LH:0
end_of_record
SF:app_widget/feedback/lib/components/task/status_chip.dart
DA:8,2
DA:10,0
DA:12,0
DA:13,0
DA:14,0
DA:15,0
DA:16,0
DA:18,0
DA:20,0
DA:22,0
DA:26,0
DA:27,0
DA:28,0
DA:29,0
DA:31,0
DA:33,0
DA:35,0
DA:39,0
DA:40,0
DA:41,0
DA:42,0
DA:44,0
DA:46,0
DA:48,0
DA:52,0
DA:53,0
DA:54,0
DA:55,0
DA:57,0
DA:59,0
DA:61,0
DA:65,0
DA:66,0
DA:67,0
DA:68,0
DA:70,0
DA:72,0
DA:74,0
DA:79,0
DA:80,0
DA:81,0
DA:83,0
DA:85,0
DA:87,0
LF:44
LH:1
end_of_record
SF:app_widget/feedback/lib/components/task/task_env.dart
DA:9,0
DA:11,0
DA:13,0
DA:15,0
DA:16,0
DA:17,0
DA:21,0
DA:22,0
DA:23,0
DA:24,0
DA:26,0
DA:30,0
DA:33,0
LF:13
LH:0
end_of_record
SF:app_widget/feedback/lib/components/task/task_time.dart
DA:7,0
DA:9,0
DA:11,0
DA:12,0
DA:33,0
DA:35,0
DA:36,0
DA:37,0
DA:38,0
DA:39,0
LF:10
LH:0
end_of_record
SF:lib/screens/project/template_task_screen.dart
DA:18,0
DA:22,0
DA:23,0
DA:28,0
DA:30,0
DA:31,0
DA:32,0
DA:33,0
DA:34,0
DA:35,0
DA:36,0
DA:37,0
DA:38,0
DA:43,0
DA:44,0
DA:45,0
DA:46,0
DA:47,0
DA:48,0
DA:49,0
DA:50,0
DA:51,0
DA:52,0
DA:56,0
DA:58,0
DA:59,0
DA:63,0
DA:64,0
DA:65,0
DA:66,0
DA:67,0
DA:68,0
DA:71,0
DA:72,0
DA:73,0
DA:74,0
DA:76,0
DA:77,0
DA:78,0
DA:79,0
DA:80,0
DA:81,0
DA:82,0
DA:93,0
DA:94,0
DA:96,0
DA:97,0
DA:98,0
DA:106,0
DA:107,0
DA:108,0
DA:109,0
DA:110,0
DA:111,0
DA:112,0
DA:113,0
DA:114,0
DA:115,0
DA:119,0
DA:120,0
DA:121,0
DA:122,0
DA:129,0
DA:130,0
DA:131,0
DA:132,0
DA:133,0
DA:137,0
DA:138,0
DA:139,0
DA:140,0
DA:141,0
DA:142,0
DA:143,0
DA:144,0
DA:145,0
DA:146,0
DA:147,0
DA:148,0
DA:149,0
DA:150,0
DA:153,0
DA:155,0
DA:156,0
DA:160,0
DA:161,0
DA:163,0
DA:165,0
DA:166,0
DA:167,0
DA:173,0
DA:175,0
DA:176,0
DA:177,0
DA:181,0
DA:182,0
DA:183,0
DA:184,0
DA:187,0
DA:188,0
DA:190,0
DA:191,0
DA:194,0
DA:195,0
DA:196,0
DA:197,0
DA:199,0
DA:200,0
DA:201,0
DA:202,0
DA:203,0
DA:219,0
DA:220,0
DA:221,0
DA:222,0
DA:225,0
DA:226,0
DA:227,0
DA:228,0
DA:230,0
DA:231,0
DA:232,0
DA:233,0
DA:234,0
DA:235,0
DA:236,0
DA:247,0
DA:248,0
DA:250,0
DA:251,0
DA:252,0
DA:260,0
DA:261,0
DA:262,0
DA:263,0
DA:264,0
DA:265,0
DA:266,0
DA:267,0
DA:268,0
DA:269,0
DA:273,0
DA:274,0
DA:275,0
DA:276,0
DA:283,0
DA:284,0
DA:285,0
DA:286,0
DA:287,0
DA:288,0
DA:293,0
DA:294,0
DA:295,0
DA:296,0
DA:297,0
DA:298,0
DA:299,0
DA:300,0
DA:301,0
DA:302,0
DA:303,0
DA:305,0
DA:306,0
DA:310,0
DA:311,0
DA:313,0
DA:315,0
DA:316,0
DA:320,0
DA:322,0
DA:323,0
DA:324,0
DA:328,0
DA:329,0
DA:330,0
DA:331,0
DA:334,0
DA:335,0
DA:337,0
DA:338,0
DA:341,0
DA:342,0
DA:343,0
DA:344,0
DA:346,0
DA:347,0
DA:348,0
DA:349,0
DA:350,0
DA:369,0
DA:379,0
DA:380,0
DA:382,0
DA:383,0
DA:384,0
DA:386,0
DA:387,0
DA:390,0
DA:392,0
DA:393,0
DA:394,0
DA:397,0
DA:398,0
DA:400,0
DA:401,0
DA:402,0
DA:406,0
DA:408,0
DA:409,0
DA:410,0
LF:211
LH:0
end_of_record
SF:lib/screens/project/integration_screen.dart
DA:13,0
DA:16,0
DA:17,0
DA:22,0
DA:24,0
DA:25,0
DA:26,0
DA:30,0
DA:32,0
DA:33,0
DA:37,0
DA:38,0
DA:39,0
DA:40,0
DA:41,0
DA:42,0
DA:45,0
DA:46,0
DA:47,0
DA:49,0
DA:50,0
DA:51,0
DA:59,0
DA:60,0
DA:61,0
DA:62,0
DA:63,0
DA:64,0
DA:65,0
DA:66,0
DA:67,0
DA:71,0
DA:72,0
DA:73,0
DA:74,0
DA:81,0
DA:82,0
DA:83,0
DA:84,0
DA:85,0
DA:89,0
DA:90,0
DA:91,0
DA:92,0
DA:93,0
DA:94,0
DA:96,0
DA:97,0
DA:98,0
DA:111,0
DA:112,0
DA:113,0
DA:114,0
DA:117,0
DA:118,0
DA:119,0
DA:121,0
DA:122,0
DA:123,0
DA:131,0
DA:132,0
DA:133,0
DA:134,0
DA:139,0
DA:140,0
DA:141,0
DA:142,0
DA:143,0
DA:144,0
DA:149,0
DA:150,0
DA:151,0
DA:157,0
DA:158,0
DA:159,0
DA:160,0
DA:161,0
DA:162,0
DA:164,0
DA:165,0
DA:171,0
DA:172,0
DA:173,0
DA:176,0
DA:177,0
DA:178,0
DA:179,0
DA:181,0
DA:183,0
DA:185,0
DA:207,0
DA:217,0
DA:218,0
DA:220,0
DA:221,0
DA:223,0
DA:224,0
DA:225,0
DA:228,0
DA:229,0
DA:230,0
DA:232,0
DA:233,0
DA:234,0
DA:238,0
DA:239,0
DA:241,0
DA:242,0
DA:243,0
LF:109
LH:0
end_of_record
SF:lib/screens/project/inventory_screen.dart
DA:17,0
DA:20,0
DA:21,0
DA:26,0
DA:28,0
DA:29,0
DA:30,0
DA:34,0
DA:36,0
DA:37,0
DA:41,0
DA:42,0
DA:43,0
DA:44,0
DA:45,0
DA:46,0
DA:49,0
DA:50,0
DA:51,0
DA:53,0
DA:54,0
DA:55,0
DA:63,0
DA:64,0
DA:65,0
DA:66,0
DA:67,0
DA:68,0
DA:69,0
DA:70,0
DA:71,0
DA:75,0
DA:76,0
DA:77,0
DA:84,0
DA:85,0
DA:86,0
DA:87,0
DA:88,0
DA:92,0
DA:93,0
DA:94,0
DA:95,0
DA:96,0
DA:97,0
DA:99,0
DA:100,0
DA:101,0
DA:102,0
DA:103,0
DA:104,0
DA:110,0
DA:111,0
DA:114,0
DA:116,0
DA:117,0
DA:119,0
DA:120,0
DA:121,0
DA:127,0
DA:129,0
DA:130,0
DA:131,0
DA:134,0
DA:135,0
DA:136,0
DA:137,0
DA:139,0
DA:140,0
DA:141,0
DA:142,0
DA:160,0
DA:161,0
DA:162,0
DA:163,0
DA:166,0
DA:167,0
DA:168,0
DA:170,0
DA:171,0
DA:172,0
DA:180,0
DA:181,0
DA:182,0
DA:187,0
DA:188,0
DA:189,0
DA:190,0
DA:191,0
DA:195,0
DA:196,0
DA:197,0
DA:204,0
DA:205,0
DA:206,0
DA:207,0
DA:208,0
DA:209,0
DA:211,0
DA:212,0
DA:218,0
DA:219,0
DA:220,0
DA:221,0
DA:227,0
DA:228,0
DA:229,0
DA:230,0
DA:232,0
DA:233,0
DA:239,0
DA:241,0
DA:242,0
DA:245,0
DA:246,0
DA:247,0
DA:248,0
DA:250,0
DA:251,0
DA:252,0
DA:253,0
DA:278,0
DA:288,0
DA:289,0
DA:291,0
DA:292,0
DA:294,0
DA:295,0
DA:296,0
DA:299,0
DA:300,0
DA:301,0
DA:302,0
DA:304,0
DA:305,0
DA:306,0
DA:307,0
DA:311,0
DA:313,0
DA:314,0
DA:315,0
DA:318,0
DA:319,0
DA:320,0
DA:322,0
DA:323,0
DA:324,0
DA:328,0
DA:329,0
DA:331,0
DA:332,0
DA:333,0
LF:152
LH:0
end_of_record
SF:app_widget/feedback/lib/components/inventory/create_inventory.dart
DA:11,0
DA:16,0
DA:20,0
DA:22,0
DA:23,0
DA:24,0
DA:26,0
DA:27,0
DA:28,0
DA:29,0
DA:33,0
DA:35,0
DA:37,0
DA:38,0
DA:39,0
DA:40,0
DA:41,0
DA:43,0
DA:47,0
DA:48,0
DA:49,0
DA:50,0
DA:52,0
DA:53,0
DA:54,0
DA:57,0
DA:58,0
DA:59,0
DA:60,0
DA:62,0
DA:63,0
DA:64,0
DA:66,0
DA:67,0
DA:68,0
DA:69,0
DA:75,0
DA:76,0
DA:80,0
DA:81,0
DA:82,0
DA:83,0
DA:84,0
DA:87,0
DA:88,0
DA:92,0
DA:93,0
DA:94,0
DA:95,0
DA:96,0
DA:99,0
DA:100,0
DA:103,0
DA:104,0
DA:105,0
DA:106,0
DA:107,0
DA:110,0
DA:111,0
DA:114,0
DA:116,0
DA:117,0
DA:118,0
DA:119,0
DA:120,0
DA:121,0
DA:123,0
DA:124,0
DA:131,0
DA:133,0
DA:137,0
DA:138,0
DA:139,0
DA:140,0
DA:141,0
DA:144,0
DA:146,0
DA:152,0
DA:155,0
DA:156,0
DA:157,0
DA:159,0
DA:160,0
DA:167,0
DA:169,0
DA:173,0
DA:174,0
DA:177,0
DA:178,0
DA:179,0
DA:180,0
DA:181,0
DA:186,0
DA:188,0
DA:189,0
DA:192,0
DA:193,0
DA:194,0
DA:195,0
DA:196,0
DA:204,0
DA:209,0
DA:213,0
DA:214,0
DA:215,0
DA:216,0
DA:217,0
DA:219,0
DA:221,0
DA:228,0
DA:229,0
DA:230,0
DA:232,0
DA:234,0
DA:237,0
DA:238,0
DA:239,0
DA:242,0
DA:243,0
DA:247,0
DA:248,0
LF:121
LH:0
end_of_record
SF:app_widget/feedback/lib/components/inventory/delete_inventory.dart
DA:9,0
DA:13,0
DA:15,0
DA:16,0
DA:17,0
DA:18,0
DA:19,0
DA:24,0
DA:26,0
DA:27,0
DA:28,0
DA:29,0
DA:36,0
DA:37,0
DA:38,0
DA:39,0
DA:41,0
DA:42,0
DA:43,0
DA:44,0
DA:45,0
DA:46,0
DA:47,0
DA:48,0
DA:50,0
DA:51,0
DA:52,0
DA:53,0
DA:54,0
DA:60,0
DA:62,0
DA:63,0
DA:64,0
DA:65,0
DA:66,0
DA:69,0
DA:70,0
DA:73,0
DA:74,0
DA:75,0
DA:76,0
LF:41
LH:0
end_of_record
SF:app_widget/feedback/lib/components/inventory/edit_inventory.dart
DA:12,0
DA:18,0
DA:23,0
DA:25,0
DA:26,0
DA:27,0
DA:29,0
DA:30,0
DA:31,0
DA:32,0
DA:36,0
DA:38,0
DA:40,0
DA:41,0
DA:42,0
DA:43,0
DA:44,0
DA:46,0
DA:50,0
DA:51,0
DA:52,0
DA:53,0
DA:55,0
DA:56,0
DA:57,0
DA:60,0
DA:61,0
DA:62,0
DA:63,0
DA:65,0
DA:66,0
DA:67,0
DA:69,0
DA:70,0
DA:71,0
DA:72,0
DA:78,0
DA:79,0
DA:83,0
DA:84,0
DA:85,0
DA:86,0
DA:87,0
DA:90,0
DA:91,0
DA:95,0
DA:96,0
DA:97,0
DA:98,0
DA:99,0
DA:102,0
DA:103,0
DA:106,0
DA:107,0
DA:108,0
DA:109,0
DA:110,0
DA:113,0
DA:114,0
DA:117,0
DA:119,0
DA:120,0
DA:121,0
DA:122,0
DA:123,0
DA:124,0
DA:126,0
DA:127,0
DA:134,0
DA:136,0
DA:140,0
DA:141,0
DA:142,0
DA:143,0
DA:144,0
DA:147,0
DA:149,0
DA:155,0
DA:158,0
DA:159,0
DA:160,0
DA:162,0
DA:163,0
DA:170,0
DA:172,0
DA:176,0
DA:177,0
DA:180,0
DA:181,0
DA:182,0
DA:183,0
DA:184,0
DA:189,0
DA:191,0
DA:192,0
DA:195,0
DA:196,0
DA:197,0
DA:198,0
DA:199,0
DA:207,0
DA:212,0
DA:216,0
DA:217,0
DA:218,0
DA:219,0
DA:220,0
DA:222,0
DA:224,0
DA:231,0
DA:232,0
DA:233,0
DA:235,0
DA:237,0
DA:240,0
DA:241,0
DA:242,0
DA:245,0
DA:246,0
DA:250,0
DA:251,0
LF:121
LH:0
end_of_record
SF:lib/screens/project/key_store_screen.dart
DA:13,0
DA:16,0
DA:17,0
DA:22,0
DA:24,0
DA:25,0
DA:26,0
DA:30,0
DA:32,0
DA:33,0
DA:37,0
DA:38,0
DA:39,0
DA:40,0
DA:41,0
DA:42,0
DA:45,0
DA:46,0
DA:47,0
DA:49,0
DA:50,0
DA:51,0
DA:59,0
DA:60,0
DA:61,0
DA:62,0
DA:63,0
DA:64,0
DA:65,0
DA:66,0
DA:67,0
DA:71,0
DA:72,0
DA:73,0
DA:80,0
DA:81,0
DA:82,0
DA:83,0
DA:84,0
DA:88,0
DA:89,0
DA:90,0
DA:91,0
DA:92,0
DA:93,0
DA:95,0
DA:96,0
DA:97,0
DA:99,0
DA:100,0
DA:102,0
DA:103,0
DA:105,0
DA:107,0
DA:108,0
DA:123,0
DA:124,0
DA:125,0
DA:126,0
DA:129,0
DA:130,0
DA:131,0
DA:133,0
DA:134,0
DA:135,0
DA:143,0
DA:144,0
DA:145,0
DA:150,0
DA:151,0
DA:152,0
DA:153,0
DA:154,0
DA:155,0
DA:160,0
DA:161,0
DA:162,0
DA:168,0
DA:169,0
DA:170,0
DA:171,0
DA:172,0
DA:173,0
DA:175,0
DA:176,0
DA:182,0
DA:183,0
DA:184,0
DA:185,0
DA:186,0
DA:188,0
DA:190,0
DA:192,0
DA:214,0
DA:224,0
DA:225,0
DA:227,0
DA:228,0
DA:230,0
DA:231,0
DA:232,0
DA:235,0
DA:236,0
DA:237,0
DA:239,0
DA:240,0
DA:241,0
DA:245,0
DA:246,0
DA:248,0
DA:249,0
DA:250,0
LF:112
LH:0
end_of_record
SF:lib/screens/project/repository_screen.dart
DA:15,0
DA:18,0
DA:19,0
DA:24,0
DA:26,0
DA:27,0
DA:28,0
DA:30,0
DA:31,0
DA:35,0
DA:37,0
DA:38,0
DA:42,0
DA:43,0
DA:44,0
DA:45,0
DA:46,0
DA:47,0
DA:50,0
DA:51,0
DA:52,0
DA:54,0
DA:55,0
DA:56,0
DA:64,0
DA:65,0
DA:66,0
DA:67,0
DA:68,0
DA:69,0
DA:70,0
DA:71,0
DA:72,0
DA:76,0
DA:77,0
DA:78,0
DA:79,0
DA:86,0
DA:87,0
DA:88,0
DA:89,0
DA:90,0
DA:94,0
DA:95,0
DA:96,0
DA:97,0
DA:98,0
DA:99,0
DA:101,0
DA:102,0
DA:103,0
DA:104,0
DA:105,0
DA:109,0
DA:110,0
DA:111,0
DA:112,0
DA:114,0
DA:119,0
DA:121,0
DA:122,0
DA:124,0
DA:125,0
DA:127,0
DA:129,0
DA:130,0
DA:145,0
DA:146,0
DA:147,0
DA:148,0
DA:151,0
DA:152,0
DA:153,0
DA:155,0
DA:156,0
DA:157,0
DA:165,0
DA:166,0
DA:168,0
DA:169,0
DA:170,0
DA:171,0
DA:174,0
DA:175,0
DA:176,0
DA:177,0
DA:178,0
DA:182,0
DA:183,0
DA:196,0
DA:197,0
DA:198,0
DA:199,0
DA:200,0
DA:201,0
DA:203,0
DA:204,0
DA:210,0
DA:211,0
DA:212,0
DA:213,0
DA:214,0
DA:221,0
DA:222,0
DA:223,0
DA:224,0
DA:225,0
DA:227,0
DA:231,0
DA:232,0
DA:234,0
DA:235,0
DA:236,0
DA:237,0
DA:239,0
DA:241,0
DA:243,0
DA:264,0
DA:274,0
DA:275,0
DA:277,0
DA:278,0
DA:280,0
DA:281,0
DA:282,0
DA:285,0
DA:286,0
DA:287,0
DA:289,0
DA:290,0
DA:291,0
DA:295,0
DA:296,0
DA:298,0
DA:299,0
DA:300,0
LF:136
LH:0
end_of_record
SF:lib/screens/project/schedule_screen.dart
DA:15,0
DA:18,0
DA:19,0
DA:24,0
DA:26,0
DA:27,0
DA:28,0
DA:32,0
DA:34,0
DA:35,0
DA:39,0
DA:40,0
DA:41,0
DA:42,0
DA:43,0
DA:44,0
DA:47,0
DA:48,0
DA:49,0
DA:51,0
DA:52,0
DA:53,0
DA:61,0
DA:62,0
DA:63,0
DA:64,0
DA:65,0
DA:66,0
DA:67,0
DA:68,0
DA:69,0
DA:73,0
DA:74,0
DA:75,0
DA:82,0
DA:83,0
DA:84,0
DA:85,0
DA:86,0
DA:90,0
DA:91,0
DA:92,0
DA:93,0
DA:94,0
DA:95,0
DA:96,0
DA:102,0
DA:103,0
DA:104,0
DA:105,0
DA:107,0
DA:108,0
DA:109,0
DA:110,0
DA:111,0
DA:116,0
DA:118,0
DA:119,0
DA:121,0
DA:122,0
DA:124,0
DA:126,0
DA:127,0
DA:142,0
DA:143,0
DA:144,0
DA:145,0
DA:148,0
DA:149,0
DA:150,0
DA:152,0
DA:153,0
DA:154,0
DA:162,0
DA:163,0
DA:164,0
DA:169,0
DA:170,0
DA:171,0
DA:172,0
DA:173,0
DA:174,0
DA:179,0
DA:180,0
DA:181,0
DA:192,0
DA:193,0
DA:194,0
DA:195,0
DA:196,0
DA:197,0
DA:198,0
DA:201,0
DA:206,0
DA:207,0
DA:209,0
DA:210,0
DA:216,0
DA:217,0
DA:218,0
DA:219,0
DA:220,0
DA:222,0
DA:224,0
DA:229,0
DA:230,0
DA:235,0
DA:236,0
DA:237,0
DA:238,0
DA:240,0
DA:242,0
DA:244,0
DA:266,0
DA:276,0
DA:277,0
DA:279,0
DA:280,0
DA:282,0
DA:283,0
DA:284,0
DA:287,0
DA:288,0
DA:289,0
DA:291,0
DA:292,0
DA:293,0
DA:297,0
DA:298,0
DA:300,0
DA:301,0
DA:302,0
LF:132
LH:0
end_of_record
SF:lib/screens/project/team_screen.dart
DA:13,0
DA:16,0
DA:17,0
DA:22,0
DA:24,0
DA:25,0
DA:26,0
DA:30,0
DA:32,0
DA:33,0
DA:37,0
DA:38,0
DA:39,0
DA:40,0
DA:41,0
DA:42,0
DA:45,0
DA:46,0
DA:47,0
DA:49,0
DA:50,0
DA:51,0
DA:59,0
DA:60,0
DA:61,0
DA:62,0
DA:63,0
DA:64,0
DA:65,0
DA:66,0
DA:67,0
DA:71,0
DA:72,0
DA:73,0
DA:80,0
DA:81,0
DA:82,0
DA:83,0
DA:84,0
DA:88,0
DA:89,0
DA:90,0
DA:91,0
DA:92,0
DA:93,0
DA:95,0
DA:96,0
DA:97,0
DA:98,0
DA:100,0
DA:103,0
DA:105,0
DA:106,0
DA:108,0
DA:109,0
DA:124,0
DA:125,0
DA:126,0
DA:127,0
DA:130,0
DA:131,0
DA:132,0
DA:134,0
DA:135,0
DA:136,0
DA:144,0
DA:145,0
DA:146,0
DA:151,0
DA:152,0
DA:153,0
DA:154,0
DA:155,0
DA:159,0
DA:160,0
DA:161,0
DA:168,0
DA:169,0
DA:170,0
DA:171,0
DA:172,0
DA:173,0
DA:175,0
DA:176,0
DA:182,0
DA:183,0
DA:184,0
DA:185,0
DA:186,0
DA:187,0
DA:189,0
DA:211,0
DA:221,0
DA:222,0
DA:224,0
DA:225,0
DA:227,0
DA:228,0
DA:229,0
DA:232,0
DA:233,0
DA:234,0
DA:236,0
DA:237,0
DA:238,0
DA:242,0
DA:243,0
DA:245,0
DA:246,0
DA:247,0
LF:110
LH:0
end_of_record
SF:lib/screens/project/template_screen.dart
DA:26,0
DA:29,0
DA:30,0
DA:35,0
DA:37,0
DA:38,0
DA:39,0
DA:40,0
DA:43,0
DA:44,0
DA:45,0
DA:46,0
DA:49,0
DA:50,0
DA:51,0
DA:52,0
DA:55,0
DA:56,0
DA:57,0
DA:58,0
DA:63,0
DA:65,0
DA:66,0
DA:70,0
DA:71,0
DA:72,0
DA:73,0
DA:74,0
DA:75,0
DA:78,0
DA:79,0
DA:80,0
DA:82,0
DA:83,0
DA:84,0
DA:92,0
DA:93,0
DA:94,0
DA:95,0
DA:96,0
DA:97,0
DA:98,0
DA:99,0
DA:100,0
DA:104,0
DA:105,0
DA:106,0
DA:107,0
DA:108,0
DA:115,0
DA:116,0
DA:117,0
DA:118,0
DA:119,0
DA:123,0
DA:124,0
DA:125,0
DA:126,0
DA:127,0
DA:128,0
DA:129,0
DA:133,0
DA:134,0
DA:136,0
DA:138,0
DA:140,0
DA:141,0
DA:144,0
DA:145,0
DA:146,0
DA:147,0
DA:149,0
DA:150,0
DA:151,0
DA:152,0
DA:153,0
DA:157,0
DA:158,0
DA:160,0
DA:161,0
DA:176,0
DA:177,0
DA:178,0
DA:179,0
DA:182,0
DA:183,0
DA:184,0
DA:186,0
DA:187,0
DA:188,0
DA:196,0
DA:197,0
DA:198,0
DA:199,0
DA:200,0
DA:201,0
DA:202,0
DA:203,0
DA:204,0
DA:208,0
DA:209,0
DA:210,0
DA:211,0
DA:212,0
DA:219,0
DA:220,0
DA:221,0
DA:222,0
DA:223,0
DA:227,0
DA:228,0
DA:229,0
DA:231,0
DA:241,0
DA:242,0
DA:243,0
DA:244,0
DA:245,0
DA:246,0
DA:248,0
DA:249,0
DA:250,0
DA:252,0
DA:253,0
DA:254,0
DA:258,0
DA:259,0
DA:260,0
DA:261,0
DA:262,0
DA:263,0
DA:268,0
DA:270,0
DA:278,0
DA:279,0
DA:281,0
DA:284,0
DA:285,0
DA:286,0
DA:290,0
DA:291,0
DA:292,0
DA:295,0
DA:296,0
DA:298,0
DA:301,0
DA:302,0
DA:303,0
DA:306,0
DA:307,0
DA:311,0
DA:312,0
DA:315,0
DA:316,0
DA:317,0
DA:318,0
DA:320,0
DA:321,0
DA:322,0
DA:323,0
DA:324,0
DA:346,0
DA:356,0
DA:357,0
DA:359,0
DA:360,0
DA:362,0
DA:363,0
DA:364,0
DA:367,0
DA:368,0
DA:371,0
DA:372,0
DA:379,0
DA:383,0
DA:385,0
DA:386,0
DA:388,0
DA:389,0
DA:391,0
DA:392,0
DA:393,0
DA:394,0
DA:397,0
DA:398,0
DA:399,0
DA:400,0
DA:402,0
DA:403,0
DA:404,0
DA:405,0
DA:406,0
DA:410,0
DA:412,0
DA:415,0
DA:416,0
DA:417,0
LF:197
LH:0
end_of_record
SF:lib/screens/project/variable_screen.dart
DA:15,0
DA:18,0
DA:19,0
DA:24,0
DA:26,0
DA:27,0
DA:28,0
DA:32,0
DA:34,0
DA:35,0
DA:39,0
DA:40,0
DA:41,0
DA:42,0
DA:43,0
DA:44,0
DA:47,0
DA:48,0
DA:49,0
DA:51,0
DA:52,0
DA:53,0
DA:61,0
DA:62,0
DA:63,0
DA:64,0
DA:65,0
DA:66,0
DA:67,0
DA:68,0
DA:69,0
DA:73,0
DA:74,0
DA:75,0
DA:82,0
DA:83,0
DA:84,0
DA:85,0
DA:86,0
DA:90,0
DA:91,0
DA:92,0
DA:93,0
DA:94,0
DA:95,0
DA:97,0
DA:98,0
DA:100,0
DA:101,0
DA:103,0
DA:104,0
DA:105,0
DA:106,0
DA:108,0
DA:109,0
DA:114,0
DA:116,0
DA:117,0
DA:118,0
DA:119,0
DA:121,0
DA:122,0
DA:140,0
DA:141,0
DA:142,0
DA:143,0
DA:146,0
DA:147,0
DA:148,0
DA:150,0
DA:151,0
DA:152,0
DA:160,0
DA:161,0
DA:162,0
DA:167,0
DA:168,0
DA:169,0
DA:170,0
DA:171,0
DA:172,0
DA:177,0
DA:178,0
DA:179,0
DA:184,0
DA:185,0
DA:186,0
DA:187,0
DA:188,0
DA:189,0
DA:191,0
DA:192,0
DA:198,0
DA:199,0
DA:200,0
DA:201,0
DA:203,0
DA:204,0
DA:205,0
DA:207,0
DA:208,0
DA:213,0
DA:215,0
DA:216,0
DA:217,0
DA:219,0
DA:220,0
DA:245,0
DA:255,0
DA:257,0
DA:258,0
DA:260,0
DA:261,0
DA:263,0
DA:264,0
DA:265,0
DA:267,0
DA:268,0
DA:272,0
DA:274,0
DA:275,0
DA:276,0
DA:279,0
DA:280,0
DA:281,0
DA:283,0
DA:284,0
DA:285,0
DA:289,0
DA:290,0
DA:292,0
DA:293,0
DA:294,0
LF:133
LH:0
end_of_record
SF:app_widget/feedback/lib/components/data_cell/key_store_name.dart
DA:9,0
DA:11,0
DA:13,0
DA:14,0
DA:15,0
DA:18,0
DA:19,0
DA:20,0
DA:21,0
DA:23,0
DA:24,0
DA:28,0
LF:12
LH:0
end_of_record
SF:app_widget/feedback/lib/components/data_cell/inventory_name.dart
DA:9,0
DA:11,0
DA:13,0
DA:14,0
DA:15,0
DA:18,0
DA:19,0
DA:20,0
DA:21,0
DA:23,0
DA:24,0
DA:28,0
LF:12
LH:0
end_of_record
SF:app_widget/feedback/lib/components/data_cell/repository_name.dart
DA:9,0
DA:11,0
DA:13,0
DA:14,0
DA:15,0
DA:18,0
DA:19,0
DA:20,0
DA:21,0
DA:23,0
DA:24,0
DA:28,0
LF:12
LH:0
end_of_record
SF:app_widget/feedback/lib/components/data_cell/variable_group_name.dart
DA:9,0
DA:11,0
DA:13,0
DA:14,0
DA:15,0
DA:18,0
DA:19,0
DA:20,0
DA:21,0
DA:23,0
DA:24,0
DA:28,0
LF:12
LH:0
end_of_record
SF:app_widget/feedback/lib/components/setting/server_form.dart
DA:10,0
DA:11,0
DA:13,0
DA:14,0
DA:15,0
DA:17,0
DA:19,0
DA:20,0
DA:21,0
DA:22,0
DA:23,0
DA:24,0
DA:25,0
DA:26,0
DA:27,0
DA:28,0
DA:31,0
DA:32,0
DA:33,0
DA:34,0
DA:35,0
DA:36,0
DA:37,0
DA:38,0
DA:39,0
DA:41,0
DA:42,0
DA:43,0
DA:46,0
DA:47,0
DA:49,0
DA:50,0
DA:52,0
DA:53,0
DA:54,0
DA:55,0
DA:61,0
DA:62,0
DA:63,0
DA:67,0
DA:68,0
DA:74,0
DA:75,0
DA:76,0
DA:80,0
DA:81,0
DA:87,0
DA:88,0
DA:89,0
DA:92,0
DA:93,0
DA:99,0
DA:100,0
DA:101,0
DA:105,0
DA:107,0
DA:108,0
DA:109,0
DA:110,0
DA:112,0
DA:114,0
DA:121,0
DA:122,0
DA:123,0
DA:125,0
DA:127,0
DA:131,0
DA:132,0
DA:134,0
DA:135,0
DA:140,0
LF:71
LH:0
end_of_record
SF:lib/screens/settings/select_brightness.dart
DA:14,0
DA:16,0
DA:18,0
DA:19,0
DA:23,0
DA:24,0
DA:25,0
DA:26,0
DA:28,0
DA:29,0
DA:30,0
DA:31,0
DA:32,0
DA:33,0
DA:34,0
DA:41,0
DA:42,0
DA:43,0
DA:44,0
DA:45,0
DA:46,0
DA:48,0
DA:49,0
DA:50,0
DA:55,0
DA:59,0
DA:60,0
DA:61,0
DA:62,0
DA:63,0
DA:64,0
DA:65,0
DA:66,0
DA:67,0
DA:70,0
DA:71,0
DA:72,0
DA:77,0
DA:80,0
DA:81,0
DA:82,0
DA:87,0
DA:90,0
DA:91,0
DA:92,0
LF:45
LH:0
end_of_record
SF:lib/screens/settings/select_server.dart
DA:19,0
DA:21,0
DA:23,0
DA:24,0
DA:25,0
DA:29,0
DA:30,0
DA:31,0
DA:32,0
DA:34,0
DA:35,0
DA:36,0
DA:37,0
DA:38,0
DA:39,0
DA:40,0
DA:41,0
DA:42,0
DA:49,0
DA:50,0
DA:55,0
DA:56,0
DA:57,0
DA:58,0
DA:59,0
DA:60,0
DA:62,0
DA:63,0
DA:69,0
DA:73,0
DA:74,0
DA:75,0
DA:76,0
DA:78,0
DA:79,0
DA:80,0
DA:81,0
DA:82,0
DA:83,0
DA:84,0
DA:85,0
DA:86,0
DA:87,0
DA:89,0
DA:90,0
DA:91,0
DA:95,0
DA:98,0
DA:99,0
DA:102,0
DA:105,0
DA:106,0
DA:109,0
DA:115,0
DA:117,0
DA:118,0
DA:119,0
DA:121,0
DA:122,0
DA:123,0
DA:126,0
DA:127,0
DA:130,0
DA:131,0
DA:132,0
DA:133,0
DA:135,0
DA:139,0
DA:140,0
DA:141,0
DA:143,0
DA:146,0
DA:147,0
DA:148,0
DA:150,0
DA:157,0
DA:159,0
DA:160,0
DA:161,0
DA:162,0
DA:163,0
DA:164,0
DA:165,0
DA:167,0
DA:168,0
DA:169,0
DA:181,0
DA:186,0
DA:188,0
DA:189,0
DA:190,0
DA:191,0
DA:192,0
DA:194,0
DA:198,0
DA:199,0
DA:200,0
DA:205,0
DA:206,0
DA:207,0
DA:209,0
DA:213,0
DA:214,0
DA:215,0
DA:216,0
DA:218,0
DA:222,0
DA:223,0
DA:224,0
DA:226,0
DA:228,0
DA:229,0
DA:230,0
DA:231,0
DA:232,0
DA:241,0
DA:246,0
DA:247,0
DA:249,0
DA:250,0
DA:251,0
DA:252,0
DA:253,0
DA:255,0
DA:257,0
DA:258,0
DA:259,0
DA:260,0
DA:262,0
DA:263,0
DA:264,0
DA:265,0
DA:266,0
DA:267,0
DA:268,0
DA:269,0
DA:270,0
DA:275,0
DA:276,0
DA:277,0
DA:280,0
DA:281,0
DA:282,0
DA:283,0
LF:144
LH:0
end_of_record
SF:app_widget/feedback/lib/components/setting/rename_server.dart
DA:9,0
DA:10,0
DA:12,0
DA:13,0
DA:15,0
DA:16,0
DA:17,0
DA:18,0
DA:20,0
DA:21,0
DA:22,0
DA:23,0
DA:24,0
DA:25,0
DA:26,0
DA:27,0
DA:29,0
DA:30,0
DA:31,0
DA:32,0
DA:33,0
DA:34,0
DA:36,0
DA:37,0
DA:38,0
DA:41,0
DA:43,0
DA:44,0
DA:45,0
DA:46,0
DA:52,0
DA:53,0
DA:54,0
DA:58,0
DA:59,0
DA:60,0
DA:61,0
DA:62,0
DA:63,0
DA:65,0
DA:67,0
DA:70,0
DA:71,0
DA:72,0
DA:73,0
DA:74,0
DA:75,0
DA:77,0
DA:78,0
DA:79,0
DA:80,0
DA:81,0
DA:83,0
DA:85,0
DA:87,0
DA:88,0
DA:92,0
LF:57
LH:0
end_of_record
SF:app_widget/feedback/lib/components/setting/root_setting_list.dart
DA:13,2
DA:15,1
DA:17,1
DA:19,1
DA:21,1
DA:22,1
DA:23,1
DA:24,1
DA:26,1
DA:27,1
DA:29,3
DA:30,0
DA:31,0
DA:33,0
DA:34,0
DA:41,1
DA:42,3
DA:43,1
DA:44,1
DA:46,3
DA:47,3
DA:48,0
DA:49,0
DA:52,1
DA:54,3
DA:55,3
DA:56,0
DA:57,0
LF:28
LH:20
end_of_record
SF:lib/screens/settings/select_theme.dart
DA:15,0
DA:17,0
DA:19,0
DA:20,0
DA:24,0
DA:25,0
DA:26,0
DA:27,0
DA:29,0
DA:30,0
DA:31,0
DA:32,0
DA:33,0
DA:34,0
DA:35,0
DA:42,0
DA:43,0
DA:44,0
DA:45,0
DA:46,0
DA:47,0
DA:49,0
DA:50,0
DA:51,0
DA:56,0
DA:60,0
DA:61,0
DA:62,0
DA:63,0
DA:64,0
DA:65,0
DA:66,0
DA:67,0
DA:68,0
DA:69,0
DA:71,0
DA:73,0
DA:74,0
DA:75,0
DA:76,0
DA:79,0
LF:41
LH:0
end_of_record
SF:app_bloc/schedule/lib/schedule_event.dart
DA:10,0
LF:1
LH:0
end_of_record
SF:app_bloc/schedule/lib/schedule_state.dart
DA:14,0
DA:20,0
LF:2
LH:0
end_of_record
SF:app_bloc/schedule/lib/schedule_bloc.dart
DA:10,0
DA:11,0
DA:14,0
DA:18,0
DA:19,0
DA:20,0
DA:21,0
DA:26,0
DA:29,0
DA:30,0
DA:31,0
DA:33,0
DA:34,0
DA:36,0
DA:37,0
LF:15
LH:0
end_of_record
SF:app_bloc/run_task/lib/bloc.dart
DA:21,0
DA:22,0
DA:25,0
DA:31,0
DA:32,0
DA:34,0
DA:35,0
DA:39,0
DA:40,0
DA:41,0
DA:42,0
DA:45,0
DA:46,0
DA:48,0
DA:49,0
DA:50,0
DA:52,0
DA:53,0
DA:54,0
DA:55,0
DA:56,0
DA:57,0
DA:60,0
DA:61,0
DA:62,0
DA:63,0
DA:64,0
DA:67,0
DA:68,0
DA:71,0
DA:73,0
DA:77,0
DA:78,0
DA:81,0
DA:82,0
DA:83,0
DA:84,0
DA:85,0
DA:87,0
DA:88,0
DA:89,0
DA:90,0
DA:91,0
DA:92,0
DA:99,0
DA:102,0
DA:103,0
DA:104,0
DA:106,0
DA:107,0
DA:108,0
DA:109,0
DA:113,0
DA:116,0
DA:118,0
DA:120,0
DA:123,0
DA:124,0
LF:58
LH:0
end_of_record
SF:app_lib/api/lib/src/src/model/task.dart
DA:18,0
DA:106,0
DA:109,0
DA:110,0
DA:111,0
DA:112,0
DA:113,0
DA:114,0
DA:115,0
DA:116,0
DA:117,0
DA:118,0
DA:119,0
DA:120,0
DA:121,0
DA:122,0
DA:123,0
DA:124,0
DA:125,0
DA:126,0
DA:128,0
DA:130,0
DA:131,0
DA:132,0
DA:133,0
DA:134,0
DA:135,0
DA:136,0
DA:137,0
DA:138,0
DA:139,0
DA:140,0
DA:141,0
DA:142,0
DA:143,0
DA:144,0
DA:145,0
DA:146,0
DA:148,0
DA:150,0
DA:152,0
DA:154,0
LF:42
LH:0
end_of_record
SF:app_lib/api/lib/src/src/model/task.g.dart
DA:9,0
DA:12,0
DA:13,0
DA:14,0
DA:15,0
DA:16,0
DA:17,0
DA:18,0
DA:19,0
DA:20,0
DA:21,0
DA:22,0
DA:23,0
DA:24,0
DA:26,0
DA:28,0
DA:30,0
DA:32,0
DA:34,0
DA:36,0
DA:37,0
DA:38,0
DA:39,0
DA:53,0
DA:54,0
DA:55,0
DA:56,0
DA:57,0
DA:58,0
DA:59,0
DA:60,0
DA:61,0
DA:62,0
DA:63,0
DA:64,0
DA:65,0
DA:66,0
DA:67,0
DA:68,0
DA:69,0
DA:70,0
LF:41
LH:0
end_of_record
SF:app_bloc/repository/lib/repository_state.dart
DA:14,0
DA:20,0
LF:2
LH:0
end_of_record
SF:app_bloc/repository/lib/repository_bloc.dart
DA:10,0
DA:11,0
DA:14,0
DA:18,0
DA:19,0
DA:20,0
DA:21,0
DA:26,0
DA:29,0
DA:30,0
DA:31,0
DA:36,0
DA:37,0
DA:39,0
DA:40,0
LF:15
LH:0
end_of_record
SF:app_bloc/repository/lib/repository_event.dart
DA:10,0
LF:1
LH:0
end_of_record
SF:app_bloc/project_form/lib/bloc.dart
DA:21,0
DA:22,0
DA:25,0
DA:28,0
DA:29,0
DA:30,0
DA:31,0
DA:33,0
DA:36,0
DA:38,0
LF:10
LH:0
end_of_record
SF:app_bloc/key_store/lib/key_store_state.dart
DA:14,0
DA:20,0
LF:2
LH:0
end_of_record
SF:app_bloc/key_store/lib/key_store_event.dart
DA:10,0
LF:1
LH:0
end_of_record
SF:app_bloc/key_store/lib/key_store_bloc.dart
DA:10,0
DA:11,0
DA:14,0
DA:18,0
DA:19,0
DA:20,0
DA:21,0
DA:26,0
DA:29,0
DA:30,0
DA:31,0
DA:36,0
DA:37,0
DA:39,0
DA:40,0
LF:15
LH:0
end_of_record
SF:app_bloc/inventory_form/lib/bloc.dart
DA:29,0
DA:30,0
DA:31,0
DA:35,0
DA:40,0
DA:42,0
DA:43,0
DA:44,0
DA:45,0
DA:46,0
DA:51,0
DA:52,0
DA:53,0
DA:58,0
DA:60,0
DA:62,0
DA:64,0
DA:68,0
DA:71,0
DA:72,0
DA:73,0
DA:74,0
DA:75,0
DA:76,0
DA:77,0
DA:78,0
DA:79,0
DA:81,0
DA:82,0
DA:84,0
DA:85,0
DA:88,0
DA:90,0
DA:91,0
DA:92,0
DA:93,0
DA:94,0
DA:95,0
DA:96,0
DA:97,0
DA:99,0
DA:100,0
DA:102,0
DA:103,0
DA:104,0
DA:107,0
DA:109,0
DA:110,0
DA:112,0
DA:116,0
DA:121,0
DA:122,0
DA:123,0
DA:124,0
DA:125,0
DA:127,0
DA:128,0
DA:129,0
DA:130,0
LF:59
LH:0
end_of_record
SF:app_bloc/inventory/lib/inventory_bloc.dart
DA:10,0
DA:11,0
DA:12,0
DA:13,0
DA:16,0
DA:17,0
DA:18,0
DA:19,0
DA:20,0
DA:25,0
DA:28,0
DA:29,0
DA:30,0
DA:34,0
DA:35,0
DA:37,0
DA:38,0
DA:42,0
DA:43,0
DA:45,0
DA:46,0
DA:47,0
DA:48,0
DA:49,0
DA:50,0
DA:51,0
DA:52,0
DA:53,0
DA:54,0
DA:57,0
DA:58,0
DA:62,0
DA:63,0
DA:64,0
DA:69,0
DA:70,0
DA:73,0
DA:77,0
DA:81,0
DA:83,0
DA:84,0
DA:85,0
DA:86,0
DA:87,0
DA:90,0
DA:91,0
DA:92,0
DA:93,0
DA:94,0
DA:99,0
DA:100,0
DA:103,0
LF:52
LH:0
end_of_record
SF:app_bloc/inventory/lib/inventory_event.dart
DA:10,0
DA:18,0
DA:26,0
LF:3
LH:0
end_of_record
SF:app_bloc/inventory/lib/inventory_state.dart
DA:14,0
DA:20,0
LF:2
LH:0
end_of_record
SF:app_bloc/integration/lib/integration_state.dart
DA:14,0
DA:20,0
LF:2
LH:0
end_of_record
SF:app_bloc/integration/lib/integration_bloc.dart
DA:10,0
DA:11,0
DA:14,0
DA:18,0
DA:19,0
DA:20,0
DA:21,0
DA:26,0
DA:29,0
DA:30,0
DA:31,0
DA:34,0
DA:35,0
DA:37,0
DA:38,0
LF:15
LH:0
end_of_record
SF:app_bloc/integration/lib/integration_event.dart
DA:10,0
LF:1
LH:0
end_of_record
SF:app_bloc/history/lib/history_bloc.dart
DA:10,0
DA:11,0
DA:14,0
DA:18,0
DA:19,0
DA:20,0
DA:23,0
DA:26,0
DA:27,0
DA:28,0
DA:30,0
DA:31,0
DA:33,0
DA:34,0
LF:14
LH:0
end_of_record
SF:app_bloc/history/lib/history_event.dart
DA:10,0
LF:1
LH:0
end_of_record
SF:app_bloc/history/lib/history_state.dart
DA:14,0
DA:20,0
LF:2
LH:0
end_of_record
SF:third_party/form_bloc/lib/src/blocs/field/field_state.dart
DA:16,0
DA:41,0
DA:43,0
DA:71,0
DA:81,0
DA:95,0
DA:101,0
DA:102,0
DA:105,0
DA:108,0
DA:113,0
DA:118,0
DA:120,0
DA:127,0
DA:134,0
DA:152,0
DA:156,0
DA:157,0
DA:158,0
DA:159,0
DA:160,0
DA:161,0
DA:162,0
DA:163,0
DA:164,0
DA:165,0
DA:166,0
DA:167,0
DA:168,0
DA:169,0
DA:170,0
DA:175,0
DA:176,0
DA:177,0
DA:178,0
DA:179,0
DA:180,0
DA:181,0
DA:182,0
DA:183,0
DA:184,0
DA:185,0
DA:186,0
DA:187,0
DA:207,0
DA:224,0
DA:225,0
DA:227,0
DA:229,0
DA:230,0
DA:231,0
DA:232,0
DA:233,0
DA:234,0
LF:54
LH:0
end_of_record
SF:third_party/form_bloc/lib/src/blocs/boolean_field/boolean_field_bloc.dart
DA:37,0
DA:45,0
DA:46,0
DA:51,0
DA:57,0
DA:58,0
DA:64,0
DA:69,0
DA:70,0
DA:78,0
DA:79,0
LF:11
LH:0
end_of_record
SF:third_party/form_bloc/lib/src/blocs/select_field/select_field_state.dart
DA:7,0
DA:24,0
DA:39,0
DA:40,0
DA:41,0
DA:42,0
DA:43,0
DA:44,0
DA:45,0
DA:46,0
DA:47,0
DA:48,0
DA:49,0
DA:50,0
DA:51,0
DA:52,0
DA:53,0
DA:57,0
DA:59,0
DA:61,0
DA:62,0
LF:21
LH:0
end_of_record
SF:third_party/form_bloc/lib/src/blocs/text_field/text_field_state.dart
DA:5,0
DA:24,0
DA:29,0
DA:31,0
DA:45,0
DA:46,0
DA:47,0
DA:48,0
DA:49,0
DA:50,0
DA:51,0
DA:52,0
DA:53,0
DA:54,0
DA:55,0
DA:56,0
DA:57,0
DA:58,0
LF:18
LH:0
end_of_record
SF:third_party/form_bloc/lib/src/blocs/text_field/text_field_bloc.dart
DA:40,0
DA:48,0
DA:49,0
DA:54,0
DA:60,0
DA:61,0
DA:67,0
DA:72,0
DA:73,0
DA:82,0
DA:88,0
LF:11
LH:0
end_of_record
SF:third_party/form_bloc/lib/src/blocs/list_field/list_field_bloc.dart
DA:7,0
DA:16,0
DA:24,0
DA:25,0
DA:26,0
DA:27,0
DA:28,0
DA:29,0
DA:30,0
DA:34,0
DA:35,0
DA:37,0
DA:38,0
DA:40,0
DA:42,0
DA:47,0
DA:51,0
DA:52,0
DA:54,0
DA:55,0
DA:60,0
DA:63,0
DA:66,0
DA:67,0
DA:68,0
DA:70,0
DA:71,0
DA:72,0
DA:76,0
DA:78,0
DA:79,0
DA:85,0
DA:86,0
DA:87,0
DA:88,0
DA:90,0
DA:91,0
DA:92,0
DA:96,0
DA:97,0
DA:98,0
DA:103,0
DA:104,0
DA:106,0
DA:107,0
DA:110,0
DA:111,0
DA:112,0
DA:114,0
DA:115,0
DA:116,0
DA:122,0
DA:124,0
DA:125,0
DA:126,0
DA:130,0
DA:132,0
DA:137,0
DA:138,0
DA:141,0
DA:142,0
DA:143,0
DA:145,0
DA:147,0
DA:148,0
DA:149,0
DA:153,0
DA:155,0
DA:156,0
DA:162,0
DA:163,0
DA:164,0
DA:166,0
DA:168,0
DA:171,0
DA:172,0
DA:173,0
DA:177,0
DA:179,0
DA:180,0
DA:185,0
DA:187,0
DA:188,0
LF:83
LH:0
end_of_record
SF:third_party/form_bloc/lib/src/blocs/multi_select_field/multi_select_field_bloc.dart
DA:45,0
DA:55,0
DA:57,0
DA:62,0
DA:68,0
DA:69,0
DA:75,0
DA:80,0
DA:81,0
DA:92,0
DA:93,0
DA:95,0
DA:97,0
DA:103,0
DA:104,0
DA:105,0
DA:106,0
DA:107,0
DA:114,0
DA:115,0
DA:116,0
DA:117,0
DA:118,0
DA:120,0
DA:122,0
DA:137,0
DA:138,0
DA:148,0
DA:149,0
DA:156,0
DA:157,0
DA:159,0
DA:160,0
DA:161,0
DA:163,0
DA:165,0
DA:167,0
DA:168,0
DA:169,0
DA:180,0
DA:181,0
DA:182,0
DA:183,0
DA:184,0
DA:187,0
DA:189,0
DA:191,0
DA:192,0
DA:193,0
LF:49
LH:0
end_of_record
SF:third_party/form_bloc/lib/src/blocs/input_field/input_field_bloc.dart
DA:39,0
DA:48,0
DA:49,0
DA:54,0
DA:60,0
DA:61,0
DA:67,0
DA:72,0
LF:8
LH:0
end_of_record
SF:third_party/form_bloc/lib/src/blocs/group_field/group_field_bloc.dart
DA:7,0
DA:14,0
DA:15,0
DA:18,0
DA:26,0
DA:27,0
DA:28,0
DA:29,0
DA:30,0
DA:31,0
DA:32,0
DA:36,0
DA:37,0
DA:39,0
DA:40,0
DA:42,0
DA:44,0
DA:49,0
DA:53,0
DA:54,0
DA:55,0
DA:56,0
DA:62,0
DA:64,0
LF:24
LH:0
end_of_record
SF:third_party/form_bloc/lib/src/blocs/form/form_bloc_utils.dart
DA:4,0
DA:6,0
DA:12,0
DA:13,0
DA:14,0
DA:15,0
DA:16,0
DA:23,0
DA:24,0
DA:25,0
DA:26,0
DA:27,0
DA:28,0
DA:29,0
DA:30,0
DA:39,0
DA:43,0
DA:47,0
DA:48,0
DA:49,0
DA:51,0
DA:55,0
DA:68,0
DA:71,0
DA:76,0
DA:78,0
DA:79,0
DA:86,0
DA:87,0
DA:197,0
DA:199,0
DA:201,0
DA:202,0
DA:203,0
DA:204,0
DA:205,0
DA:207,0
DA:208,0
DA:214,0
DA:216,0
DA:218,0
DA:219,0
DA:220,0
DA:221,0
DA:222,0
DA:223,0
DA:224,0
DA:230,0
DA:232,0
DA:234,0
DA:235,0
DA:236,0
DA:237,0
DA:238,0
DA:240,0
DA:241,0
DA:247,0
DA:249,0
DA:251,0
DA:252,0
DA:253,0
DA:254,0
DA:255,0
DA:256,0
DA:257,0
DA:263,0
DA:265,0
DA:267,0
DA:268,0
DA:269,0
DA:270,0
DA:271,0
DA:272,0
DA:273,0
DA:282,0
DA:286,0
DA:290,0
DA:291,0
DA:292,0
DA:294,0
DA:298,0
DA:311,0
DA:315,0
DA:320,0
DA:322,0
DA:323,0
DA:330,0
DA:331,0
DA:342,0
DA:346,0
DA:349,0
DA:350,0
DA:351,0
DA:352,0
DA:353,0
DA:354,0
DA:360,0
DA:367,0
DA:368,0
DA:372,0
DA:378,0
DA:379,0
DA:384,0
DA:388,0
DA:389,0
DA:390,0
DA:391,0
DA:392,0
DA:399,0
DA:403,0
DA:404,0
DA:405,0
DA:406,0
DA:407,0
DA:414,0
DA:418,0
DA:419,0
DA:420,0
DA:421,0
DA:422,0
LF:120
LH:0
end_of_record
SF:third_party/form_bloc/lib/src/blocs/field/field_bloc.dart
DA:55,0
DA:110,0
DA:116,0
DA:117,0
DA:119,0
DA:120,0
DA:127,0
DA:128,0
DA:135,0
DA:139,0
DA:143,0
DA:147,0
DA:159,0
DA:165,0
DA:167,0
DA:169,0
DA:170,0
DA:171,0
DA:172,0
DA:173,0
DA:174,0
DA:175,0
DA:176,0
DA:177,0
DA:179,0
DA:180,0
DA:187,0
DA:188,0
DA:190,0
DA:191,0
DA:193,0
DA:194,0
DA:195,0
DA:197,0
DA:203,0
DA:204,0
DA:206,0
DA:207,0
DA:209,0
DA:210,0
DA:211,0
DA:212,0
DA:214,0
DA:223,0
DA:224,0
DA:226,0
DA:227,0
DA:229,0
DA:230,0
DA:231,0
DA:232,0
DA:233,0
DA:236,0
DA:244,0
DA:247,0
DA:249,0
DA:255,0
DA:259,0
DA:261,0
DA:266,0
DA:270,0
DA:272,0
DA:276,0
DA:278,0
DA:280,0
DA:284,0
DA:288,0
DA:290,0
DA:295,0
DA:297,0
DA:299,0
DA:304,0
DA:308,0
DA:310,0
DA:314,0
DA:315,0
DA:316,0
DA:327,0
DA:328,0
DA:332,0
DA:333,0
DA:335,0
DA:338,0
DA:339,0
DA:340,0
DA:341,0
DA:344,0
DA:345,0
DA:346,0
DA:347,0
DA:349,0
DA:356,0
DA:357,0
DA:359,0
DA:376,0
DA:378,0
DA:379,0
DA:380,0
DA:384,0
DA:387,0
DA:395,0
DA:396,0
DA:397,0
DA:407,0
DA:409,0
DA:410,0
DA:413,0
DA:414,0
DA:416,0
DA:423,0
DA:430,0
DA:431,0
DA:435,0
DA:436,0
DA:437,0
DA:440,0
DA:441,0
DA:446,0
DA:447,0
DA:455,0
DA:456,0
DA:457,0
DA:459,0
DA:462,0
DA:463,0
DA:474,0
DA:481,0
DA:482,0
DA:483,0
DA:487,0
DA:496,0
DA:505,0
DA:507,0
DA:510,0
DA:517,0
DA:518,0
DA:521,0
DA:522,0
DA:525,0
DA:530,0
DA:531,0
DA:533,0
DA:544,0
DA:546,0
DA:547,0
DA:548,0
DA:557,0
DA:560,0
DA:561,0
DA:562,0
DA:563,0
DA:566,0
DA:569,0
DA:570,0
DA:577,0
DA:579,0
DA:580,0
DA:581,0
DA:590,0
DA:591,0
DA:593,0
DA:594,0
DA:595,0
DA:596,0
DA:599,0
DA:600,0
DA:604,0
DA:605,0
DA:606,0
DA:609,0
DA:610,0
DA:611,0
DA:612,0
DA:617,0
DA:620,0
DA:622,0
DA:624,0
DA:625,0
DA:628,0
DA:631,0
DA:633,0
DA:641,0
DA:646,0
DA:647,0
DA:649,0
DA:651,0
DA:661,0
DA:663,0
DA:664,0
DA:665,0
DA:666,0
DA:667,0
DA:668,0
DA:669,0
DA:674,0
DA:682,0
DA:686,0
DA:690,0
DA:699,0
DA:700,0
DA:704,0
DA:705,0
DA:706,0
DA:715,0
DA:718,0
DA:720,0
DA:721,0
DA:724,0
DA:725,0
DA:727,0
DA:732,0
DA:734,0
DA:735,0
DA:736,0
DA:739,0
DA:740,0
DA:746,0
DA:748,0
DA:749,0
DA:750,0
DA:752,0
DA:755,0
DA:758,0
DA:759,0
DA:760,0
DA:761,0
DA:762,0
DA:763,0
DA:765,0
DA:768,0
DA:770,0
DA:772,0
DA:774,0
DA:775,0
DA:776,0
DA:777,0
DA:781,0
DA:782,0
DA:784,0
DA:785,0
DA:787,0
DA:791,0
DA:798,0
DA:799,0
DA:801,0
DA:802,0
DA:804,0
DA:806,0
DA:807,0
LF:249
LH:0
end_of_record
SF:third_party/form_bloc/lib/src/blocs/input_field/input_field_state.dart
DA:5,0
DA:22,0
DA:36,0
DA:37,0
DA:38,0
DA:39,0
DA:40,0
DA:41,0
DA:42,0
DA:43,0
DA:44,0
DA:45,0
DA:46,0
DA:47,0
DA:48,0
DA:49,0
LF:16
LH:0
end_of_record
SF:third_party/form_bloc/lib/src/blocs/boolean_field/boolean_field_state.dart
DA:5,0
DA:22,0
DA:36,0
DA:37,0
DA:38,0
DA:39,0
DA:40,0
DA:41,0
DA:42,0
DA:43,0
DA:44,0
DA:45,0
DA:46,0
DA:47,0
DA:48,0
DA:49,0
LF:16
LH:0
end_of_record
SF:third_party/form_bloc/lib/src/blocs/multi_select_field/multi_select_field_state.dart
DA:7,0
DA:22,0
DA:23,0
DA:24,0
DA:25,0
DA:28,0
DA:43,0
DA:44,0
DA:45,0
DA:46,0
DA:47,0
DA:48,0
DA:49,0
DA:50,0
DA:51,0
DA:52,0
DA:53,0
DA:54,0
DA:55,0
DA:56,0
DA:57,0
DA:61,0
DA:63,0
DA:65,0
DA:66,0
LF:25
LH:0
end_of_record
SF:third_party/form_bloc/lib/src/blocs/select_field/select_field_bloc.dart
DA:41,0
DA:51,0
DA:52,0
DA:57,0
DA:63,0
DA:64,0
DA:70,0
DA:75,0
DA:76,0
DA:87,0
DA:88,0
DA:90,0
DA:92,0
DA:98,0
DA:99,0
DA:100,0
DA:106,0
DA:107,0
DA:108,0
DA:109,0
DA:110,0
DA:112,0
LF:22
LH:0
end_of_record
SF:third_party/form_bloc/lib/src/blocs/form_bloc_observer.dart
DA:72,0
DA:84,0
DA:86,0
DA:90,0
DA:92,0
DA:97,0
DA:101,0
DA:103,0
DA:107,0
DA:109,0
DA:114,0
DA:118,0
DA:120,0
DA:124,0
DA:126,0
DA:131,0
DA:135,0
DA:137,0
DA:141,0
DA:143,0
DA:148,0
LF:21
LH:0
end_of_record
SF:third_party/form_bloc/lib/src/validators/field_bloc_validators.dart
DA:4,0
DA:17,0
DA:25,0
DA:27,0
DA:28,0
DA:29,0
DA:42,0
DA:44,0
DA:45,0
DA:59,0
DA:60,0
DA:82,0
DA:85,0
DA:87,0
DA:88,0
LF:15
LH:0
end_of_record
SF:third_party/form_bloc/lib/src/blocs/field/field_bloc_utils.dart
DA:8,0
DA:10,0
DA:11,0
DA:15,0
DA:26,0
DA:27,0
DA:35,0
DA:41,0
DA:49,0
DA:55,0
DA:65,0
DA:69,0
DA:73,0
DA:75,0
DA:76,0
DA:79,0
DA:80,0
DA:81,0
DA:82,0
DA:84,0
DA:85,0
DA:87,0
DA:89,0
DA:92,0
DA:93,0
DA:95,0
DA:97,0
DA:98,0
LF:28
LH:0
end_of_record
SF:third_party/form_bloc/lib/src/extension/extension.dart
DA:2,0
DA:4,0
DA:12,0
LF:3
LH:0
end_of_record
SF:third_party/form_bloc/lib/src/utils.dart
DA:4,0
DA:8,0
LF:2
LH:0
end_of_record
SF:third_party/flutter_form_bloc/lib/src/checkbox_field_bloc_builder.dart
DA:11,0
DA:96,0
DA:97,0
DA:98,0
DA:99,0
DA:100,0
DA:101,0
DA:103,0
DA:104,0
DA:105,0
DA:106,0
DA:107,0
DA:108,0
DA:109,0
DA:110,0
DA:111,0
DA:112,0
DA:113,0
DA:114,0
DA:116,0
DA:117,0
DA:122,0
DA:124,0
DA:126,0
DA:127,0
DA:128,0
DA:130,0
DA:131,0
DA:132,0
DA:133,0
DA:134,0
DA:135,0
DA:136,0
DA:137,0
DA:138,0
DA:140,0
DA:144,0
DA:145,0
DA:146,0
DA:147,0
DA:148,0
DA:150,0
DA:152,0
DA:154,0
DA:156,0
DA:158,0
DA:160,0
DA:163,0
DA:164,0
DA:166,0
DA:167,0
DA:169,0
DA:173,0
DA:174,0
DA:186,0
DA:187,0
DA:188,0
DA:189,0
DA:190,0
DA:191,0
DA:192,0
LF:61
LH:0
end_of_record
SF:third_party/flutter_form_bloc/lib/src/chip/chip_field_item_builder.dart
DA:22,0
DA:30,0
DA:32,0
LF:3
LH:0
end_of_record
SF:third_party/flutter_form_bloc/lib/src/chip/choice_chip_field_bloc_builder.dart
DA:133,0
DA:176,0
DA:177,0
DA:178,0
DA:179,0
DA:181,0
DA:182,0
DA:183,0
DA:184,0
DA:185,0
DA:190,0
DA:192,0
DA:194,0
DA:195,0
DA:196,0
DA:197,0
DA:198,0
DA:200,0
DA:201,0
DA:202,0
DA:203,0
DA:204,0
DA:208,0
DA:209,0
DA:211,0
DA:212,0
DA:213,0
DA:214,0
DA:216,0
DA:217,0
DA:218,0
DA:219,0
DA:220,0
DA:221,0
DA:222,0
DA:223,0
DA:224,0
DA:225,0
DA:226,0
DA:228,0
DA:229,0
DA:230,0
DA:231,0
DA:232,0
DA:233,0
DA:234,0
DA:235,0
DA:236,0
DA:237,0
DA:238,0
DA:241,0
DA:242,0
DA:243,0
DA:244,0
DA:245,0
DA:246,0
DA:247,0
DA:248,0
DA:249,0
DA:250,0
DA:251,0
DA:252,0
DA:253,0
DA:254,0
DA:255,0
DA:256,0
DA:257,0
DA:258,0
DA:259,0
DA:261,0
DA:270,0
DA:272,0
DA:273,0
DA:278,0
DA:283,0
DA:285,0
DA:287,0
DA:289,0
LF:78
LH:0
end_of_record
SF:third_party/flutter_form_bloc/lib/src/chip/filter_chip_field_bloc_builder.dart
DA:129,0
DA:171,0
DA:172,0
DA:173,0
DA:174,0
DA:176,0
DA:177,0
DA:178,0
DA:179,0
DA:180,0
DA:185,0
DA:187,0
DA:189,0
DA:190,0
DA:191,0
DA:192,0
DA:193,0
DA:195,0
DA:196,0
DA:197,0
DA:198,0
DA:199,0
DA:203,0
DA:204,0
DA:206,0
DA:207,0
DA:208,0
DA:209,0
DA:211,0
DA:212,0
DA:213,0
DA:214,0
DA:215,0
DA:216,0
DA:217,0
DA:218,0
DA:219,0
DA:220,0
DA:221,0
DA:223,0
DA:224,0
DA:225,0
DA:226,0
DA:227,0
DA:228,0
DA:229,0
DA:230,0
DA:231,0
DA:233,0
DA:235,0
DA:237,0
DA:240,0
DA:241,0
DA:242,0
DA:243,0
DA:244,0
DA:245,0
DA:246,0
DA:247,0
DA:248,0
DA:249,0
DA:250,0
DA:251,0
DA:252,0
DA:253,0
DA:254,0
DA:255,0
DA:256,0
DA:257,0
DA:258,0
DA:259,0
DA:260,0
DA:262,0
DA:271,0
DA:273,0
DA:274,0
DA:279,0
DA:284,0
DA:286,0
DA:288,0
DA:290,0
LF:81
LH:0
end_of_record
SF:third_party/flutter_form_bloc/lib/src/date_time/date_time_field_bloc_builder.dart
DA:10,0
DA:101,0
DA:103,0
DA:104,0
DA:105,0
DA:106,0
DA:109,0
DA:110,0
DA:111,0
DA:112,0
DA:113,0
DA:114,0
DA:115,0
DA:116,0
DA:117,0
DA:118,0
DA:119,0
DA:120,0
DA:121,0
DA:122,0
DA:123,0
DA:124,0
DA:125,0
DA:126,0
DA:127,0
DA:128,0
DA:129,0
DA:130,0
DA:131,0
LF:29
LH:0
end_of_record
SF:third_party/flutter_form_bloc/lib/src/date_time/time_field_bloc_builder.dart
DA:10,0
DA:91,0
DA:93,0
DA:94,0
DA:95,0
DA:97,0
DA:98,0
DA:99,0
DA:100,0
DA:101,0
DA:105,0
DA:106,0
DA:107,0
DA:108,0
DA:109,0
DA:110,0
DA:111,0
DA:112,0
DA:113,0
DA:114,0
DA:115,0
DA:116,0
DA:117,0
DA:118,0
DA:119,0
LF:25
LH:0
end_of_record
SF:third_party/flutter_form_bloc/lib/src/dropdown_field_bloc_builder.dart
DA:12,0
DA:130,0
DA:131,0
DA:132,0
DA:133,0
DA:134,0
DA:136,0
DA:138,0
DA:139,0
DA:141,0
DA:142,0
DA:144,0
DA:148,0
DA:150,0
DA:154,0
DA:156,0
DA:158,0
DA:159,0
DA:160,0
DA:161,0
DA:162,0
DA:164,0
DA:165,0
DA:166,0
DA:167,0
DA:168,0
DA:173,0
DA:175,0
DA:176,0
DA:177,0
DA:179,0
DA:181,0
DA:182,0
DA:183,0
DA:184,0
DA:185,0
DA:186,0
DA:187,0
DA:189,0
DA:190,0
DA:191,0
DA:192,0
DA:194,0
DA:195,0
DA:196,0
DA:198,0
DA:201,0
DA:203,0
DA:204,0
DA:205,0
DA:206,0
DA:209,0
DA:212,0
DA:216,0
DA:219,0
DA:223,0
DA:224,0
DA:236,0
DA:242,0
DA:243,0
DA:244,0
DA:245,0
DA:248,0
DA:249,0
DA:255,0
DA:263,0
DA:265,0
DA:266,0
DA:267,0
DA:269,0
DA:270,0
DA:272,0
DA:273,0
DA:275,0
DA:276,0
DA:280,0
DA:281,0
DA:283,0
DA:284,0
DA:286,0
DA:294,0
DA:296,0
DA:297,0
DA:298,0
DA:299,0
DA:301,0
DA:303,0
DA:310,0
DA:316,0
DA:318,0
DA:323,0
DA:325,0
DA:327,0
DA:331,0
LF:94
LH:0
end_of_record
SF:third_party/flutter_form_bloc/lib/src/features/appear/can_show_field_bloc_builder.dart
DA:6,0
DA:17,0
DA:19,0
DA:30,0
DA:32,0
DA:34,0
DA:39,0
DA:40,0
DA:41,0
DA:43,0
DA:44,0
DA:45,0
DA:46,0
DA:47,0
DA:53,0
DA:55,0
DA:57,0
DA:59,0
DA:60,0
DA:62,0
DA:63,0
DA:64,0
DA:68,0
DA:70,0
DA:71,0
DA:74,0
DA:75,0
DA:77,0
DA:79,0
DA:80,0
DA:84,0
DA:85,0
DA:87,0
DA:88,0
DA:90,0
DA:94,0
DA:95,0
DA:96,0
DA:97,0
DA:101,0
DA:103,0
DA:105,0
DA:109,0
DA:113,0
DA:114,0
DA:119,0
DA:120,0
DA:121,0
DA:122,0
DA:123,0
DA:129,0
DA:130,0
DA:131,0
DA:132,0
LF:54
LH:0
end_of_record
SF:third_party/flutter_form_bloc/lib/src/features/scroll/scrollable_field_bloc_target.dart
DA:17,0
DA:25,0
DA:28,0
DA:29,0
DA:30,0
DA:31,0
DA:36,0
DA:40,0
DA:45,0
DA:47,0
DA:53,0
DA:55,0
DA:57,0
DA:59,0
DA:60,0
DA:61,0
DA:62,0
DA:63,0
DA:65,0
LF:19
LH:0
end_of_record
SF:third_party/flutter_form_bloc/lib/src/features/scroll/scrollable_form_bloc_manager.dart
DA:29,0
DA:40,0
DA:41,0
DA:45,0
DA:46,0
DA:48,0
DA:49,0
DA:50,0
DA:51,0
DA:52,0
DA:53,0
DA:57,0
DA:58,0
DA:59,0
DA:63,0
DA:65,0
DA:66,0
DA:67,0
DA:68,0
DA:69,0
LF:20
LH:0
end_of_record
SF:third_party/flutter_form_bloc/lib/src/field_bloc_builder.dart
DA:13,0
DA:15,0
DA:21,0
DA:22,0
DA:26,0
DA:28,0
DA:30,0
DA:33,0
LF:8
LH:0
end_of_record
SF:third_party/flutter_form_bloc/lib/src/fields/simple_field_bloc_builder.dart
DA:15,0
DA:23,0
DA:25,0
DA:26,0
DA:27,0
DA:28,0
DA:29,0
DA:35,0
DA:36,0
DA:37,0
LF:10
LH:0
end_of_record
SF:third_party/flutter_form_bloc/lib/src/form_bloc_listener.dart
DA:21,0
DA:36,0
DA:38,0
DA:39,0
DA:40,0
DA:41,0
DA:43,0
DA:44,0
DA:46,0
DA:47,0
DA:49,0
DA:50,0
DA:53,0
DA:54,0
DA:56,0
DA:57,0
DA:59,0
DA:60,0
DA:62,0
DA:63,0
DA:66,0
DA:67,0
DA:69,0
DA:70,0
DA:73,0
DA:74,0
DA:77,0
DA:154,0
DA:155,0
LF:29
LH:0
end_of_record
SF:third_party/flutter_form_bloc/lib/src/groups/fields/checkbox_group_field_bloc_builder.dart
DA:13,0
DA:101,0
DA:102,0
DA:103,0
DA:104,0
DA:105,0
DA:106,0
DA:108,0
DA:109,0
DA:110,0
DA:111,0
DA:112,0
DA:113,0
DA:114,0
DA:115,0
DA:116,0
DA:117,0
DA:118,0
DA:119,0
DA:121,0
DA:125,0
DA:127,0
DA:129,0
DA:130,0
DA:131,0
DA:133,0
DA:134,0
DA:135,0
DA:136,0
DA:137,0
DA:139,0
DA:140,0
DA:141,0
DA:142,0
DA:144,0
DA:148,0
DA:149,0
DA:150,0
DA:152,0
DA:154,0
DA:164,0
DA:170,0
DA:171,0
DA:172,0
DA:173,0
DA:174,0
DA:176,0
DA:177,0
DA:178,0
DA:180,0
DA:182,0
DA:183,0
DA:184,0
DA:185,0
DA:186,0
DA:188,0
DA:190,0
DA:191,0
DA:193,0
DA:195,0
DA:197,0
DA:201,0
DA:202,0
DA:203,0
DA:204,0
DA:206,0
DA:207,0
DA:209,0
DA:210,0
DA:220,0
DA:226,0
DA:228,0
DA:230,0
DA:232,0
DA:234,0
DA:238,0
LF:76
LH:0
end_of_record
SF:third_party/flutter_form_bloc/lib/src/groups/fields/radio_button_group_field_bloc.dart
DA:13,0
DA:95,0
DA:96,0
DA:97,0
DA:98,0
DA:99,0
DA:100,0
DA:102,0
DA:103,0
DA:104,0
DA:105,0
DA:106,0
DA:107,0
DA:108,0
DA:109,0
DA:110,0
DA:112,0
DA:113,0
DA:117,0
DA:119,0
DA:121,0
DA:122,0
DA:123,0
DA:125,0
DA:126,0
DA:127,0
DA:128,0
DA:129,0
DA:131,0
DA:132,0
DA:133,0
DA:134,0
DA:136,0
DA:140,0
DA:141,0
DA:142,0
DA:144,0
DA:146,0
DA:156,0
DA:162,0
DA:163,0
DA:164,0
DA:165,0
DA:166,0
DA:168,0
DA:169,0
DA:170,0
DA:172,0
DA:174,0
DA:175,0
DA:176,0
DA:177,0
DA:178,0
DA:180,0
DA:182,0
DA:183,0
DA:184,0
DA:185,0
DA:189,0
DA:190,0
DA:191,0
DA:192,0
DA:194,0
DA:195,0
DA:196,0
DA:198,0
DA:200,0
DA:201,0
DA:202,0
DA:204,0
DA:205,0
DA:216,0
DA:222,0
DA:224,0
DA:226,0
DA:228,0
DA:230,0
DA:234,0
LF:78
LH:0
end_of_record
SF:third_party/flutter_form_bloc/lib/src/groups/widgets/group_view.dart
DA:7,2
DA:21,2
DA:25,2
DA:27,0
DA:32,0
DA:33,0
DA:34,0
DA:35,0
DA:39,0
DA:40,0
DA:41,0
DA:42,0
DA:43,0
DA:44,0
DA:60,0
DA:65,0
DA:66,0
DA:68,0
DA:74,0
DA:75,0
DA:77,0
DA:79,0
DA:80,0
DA:84,0
DA:85,0
DA:86,0
DA:87,0
DA:88,0
DA:89,0
DA:90,0
DA:122,0
DA:132,0
DA:134,0
DA:145,0
DA:146,0
DA:147,0
DA:148,0
DA:149,0
DA:150,0
DA:151,0
DA:152,0
DA:153,0
DA:154,0
DA:158,0
DA:159,0
DA:160,0
DA:161,0
DA:162,0
DA:163,0
DA:164,0
DA:165,0
DA:166,0
DA:167,0
DA:168,0
DA:196,0
DA:204,0
DA:205,0
DA:207,0
DA:216,0
DA:217,0
DA:218,0
DA:219,0
DA:220,0
DA:221,0
DA:222,0
DA:223,0
DA:227,0
DA:228,0
DA:229,0
DA:230,0
DA:231,0
DA:232,0
DA:233,0
DA:234,0
DA:235,0
DA:236,0
DA:267,0
DA:276,0
DA:277,0
DA:279,0
DA:289,0
DA:290,0
DA:291,0
DA:292,0
DA:293,0
DA:294,0
DA:295,0
DA:296,0
DA:297,0
DA:301,0
DA:302,0
DA:303,0
DA:304,0
DA:305,0
DA:306,0
DA:307,0
DA:308,0
DA:309,0
DA:310,0
DA:311,0
DA:335,0
DA:341,0
DA:343,0
DA:344,0
DA:345,0
DA:349,0
DA:350,0
DA:351,0
DA:352,0
DA:359,0
DA:360,0
DA:361,0
DA:362,0
DA:363,0
DA:364,0
DA:366,0
DA:368,0
DA:369,0
DA:370,0
DA:371,0
DA:372,0
DA:374,0
DA:375,0
DA:376,0
DA:379,0
DA:380,0
DA:383,0
DA:386,0
DA:388,0
DA:389,0
DA:390,0
DA:391,0
DA:392,0
DA:393,0
DA:394,0
DA:395,0
DA:396,0
DA:397,0
DA:398,0
DA:400,0
DA:401,0
DA:402,0
DA:403,0
DA:404,0
DA:405,0
DA:406,0
DA:407,0
DA:408,0
DA:409,0
DA:410,0
DA:411,0
DA:412,0
DA:415,0
DA:416,0
DA:417,0
DA:418,0
DA:419,0
DA:420,0
DA:421,0
DA:422,0
DA:423,0
DA:424,0
DA:425,0
DA:426,0
DA:427,0
DA:428,0
DA:432,0
DA:435,0
DA:436,0
LF:169
LH:3
end_of_record
SF:third_party/flutter_form_bloc/lib/src/slider/slider_field_bloc_builder.dart
DA:62,0
DA:83,0
DA:84,0
DA:85,0
DA:86,0
DA:87,0
DA:88,0
DA:91,0
DA:93,0
DA:95,0
DA:96,0
DA:97,0
DA:99,0
DA:100,0
DA:101,0
DA:102,0
DA:103,0
DA:105,0
DA:106,0
DA:107,0
DA:108,0
DA:110,0
DA:113,0
DA:115,0
DA:116,0
DA:117,0
DA:118,0
DA:120,0
DA:122,0
DA:123,0
DA:124,0
DA:125,0
DA:126,0
DA:128,0
DA:129,0
DA:130,0
DA:132,0
DA:133,0
DA:134,0
DA:135,0
DA:146,0
DA:151,0
DA:153,0
DA:155,0
DA:157,0
DA:159,0
LF:46
LH:0
end_of_record
SF:third_party/flutter_form_bloc/lib/src/stepper/stepper_form_bloc_builder.dart
DA:19,0
DA:55,0
DA:159,0
DA:161,0
DA:162,0
DA:163,0
DA:164,0
DA:165,0
DA:166,0
DA:168,0
DA:169,0
DA:170,0
DA:171,0
DA:172,0
DA:173,0
DA:174,0
DA:175,0
DA:176,0
DA:177,0
DA:178,0
DA:180,0
DA:181,0
DA:182,0
DA:183,0
DA:184,0
DA:185,0
DA:186,0
DA:187,0
DA:188,0
DA:189,0
DA:190,0
DA:192,0
DA:194,0
DA:196,0
DA:197,0
DA:198,0
LF:36
LH:0
end_of_record
SF:third_party/flutter_form_bloc/lib/src/suffix_buttons/clear_suffix_button.dart
DA:14,0
DA:23,0
DA:24,0
DA:26,0
DA:28,0
DA:29,0
DA:30,0
DA:32,0
DA:36,0
DA:38,0
DA:40,0
DA:41,0
DA:42,0
DA:43,0
DA:44,0
DA:45,0
DA:46,0
LF:17
LH:0
end_of_record
SF:third_party/flutter_form_bloc/lib/src/suffix_buttons/obscure_suffix_button.dart
DA:15,0
DA:25,0
DA:26,0
DA:28,0
DA:30,0
DA:31,0
DA:32,0
DA:37,0
DA:39,0
DA:41,0
DA:42,0
DA:43,0
DA:44,0
DA:45,0
LF:14
LH:0
end_of_record
SF:third_party/flutter_form_bloc/lib/src/switch_field_bloc_builder.dart
DA:12,0
DA:106,0
DA:107,0
DA:108,0
DA:109,0
DA:110,0
DA:111,0
DA:113,0
DA:114,0
DA:115,0
DA:116,0
DA:117,0
DA:118,0
DA:119,0
DA:120,0
DA:121,0
DA:122,0
DA:123,0
DA:125,0
DA:126,0
DA:131,0
DA:133,0
DA:135,0
DA:136,0
DA:137,0
[...]
DA:40,0
DA:42,0
LF:9
LH:0
end_of_record
SF:app_lib/api/lib/src/src/model/login.g.dart
DA:9,0
DA:10,0
DA:11,0
DA:12,0
DA:13,0
DA:18,0
DA:19,0
DA:20,0
LF:8
LH:0
end_of_record
SF:app_lib/api/lib/src/src/model/login_metadata.dart
DA:19,0
DA:25,0
DA:28,0
DA:30,0
DA:31,0
DA:33,0
DA:34,0
DA:36,0
DA:38,0
DA:40,0
LF:10
LH:0
end_of_record
SF:app_lib/api/lib/src/src/model/login_metadata.g.dart
DA:9,0
DA:10,0
DA:11,0
DA:12,0
DA:14,0
DA:15,0
DA:16,0
DA:20,0
DA:26,0
DA:28,0
DA:29,0
DA:30,0
LF:12
LH:0
end_of_record
SF:app_lib/api/lib/src/src/model/login_metadata_oidc_providers_inner.dart
DA:18,0
DA:28,0
DA:31,0
DA:32,0
DA:33,0
DA:35,0
DA:36,0
DA:38,0
DA:39,0
DA:41,0
DA:42,0
DA:44,0
DA:46,0
LF:13
LH:0
end_of_record
SF:app_lib/api/lib/src/src/model/login_metadata_oidc_providers_inner.g.dart
DA:9,0
DA:11,0
DA:12,0
DA:13,0
DA:14,0
DA:19,0
DA:21,0
DA:22,0
DA:23,0
LF:9
LH:0
end_of_record
SF:app_lib/api/lib/src/src/model/project.dart
DA:18,0
DA:47,0
DA:50,0
DA:51,0
DA:52,0
DA:53,0
DA:54,0
DA:55,0
DA:57,0
DA:59,0
DA:60,0
DA:61,0
DA:62,0
DA:63,0
DA:65,0
DA:66,0
DA:68,0
DA:70,0
DA:72,0
LF:19
LH:0
end_of_record
SF:app_lib/api/lib/src/src/model/project.g.dart
DA:9,0
DA:10,0
DA:11,0
DA:12,0
DA:13,0
DA:14,0
DA:15,0
DA:16,0
DA:18,0
DA:24,0
DA:25,0
DA:26,0
DA:27,0
DA:28,0
DA:29,0
LF:15
LH:0
end_of_record
SF:app_lib/api/lib/src/src/model/project_backup.dart
DA:25,0
DA:62,0
DA:65,0
DA:66,0
DA:67,0
DA:68,0
DA:69,0
DA:70,0
DA:71,0
DA:72,0
DA:74,0
DA:76,0
DA:77,0
DA:78,0
DA:79,0
DA:80,0
DA:81,0
DA:82,0
DA:84,0
DA:85,0
DA:87,0
DA:89,0
DA:91,0
LF:23
LH:0
end_of_record
SF:app_lib/api/lib/src/src/model/project_backup.g.dart
DA:9,0
DA:11,0
DA:12,0
DA:13,0
DA:15,0
DA:17,0
DA:19,0
DA:21,0
DA:22,0
DA:23,0
DA:24,0
DA:26,0
DA:28,0
DA:30,0
DA:31,0
DA:32,0
DA:36,0
DA:38,0
DA:40,0
DA:41,0
DA:42,0
DA:44,0
DA:46,0
DA:48,0
DA:49,0
DA:50,0
DA:52,0
DA:54,0
DA:56,0
DA:57,0
DA:58,0
DA:62,0
DA:64,0
DA:66,0
DA:67,0
DA:68,0
DA:72,0
DA:78,0
DA:80,0
DA:81,0
DA:82,0
DA:83,0
DA:84,0
DA:85,0
DA:86,0
DA:87,0
DA:88,0
DA:89,0
DA:90,0
DA:91,0
DA:92,0
DA:93,0
LF:52
LH:0
end_of_record
SF:app_lib/api/lib/src/src/model/project_backup_environments_inner.dart
DA:18,0
DA:26,0
DA:29,0
DA:30,0
DA:31,0
DA:33,0
DA:34,0
DA:36,0
DA:37,0
DA:39,0
DA:41,0
DA:43,0
LF:12
LH:0
end_of_record
SF:app_lib/api/lib/src/src/model/project_backup_environments_inner.g.dart
DA:9,0
DA:11,0
DA:12,0
DA:13,0
DA:14,0
DA:19,0
DA:21,0
DA:22,0
DA:23,0
LF:9
LH:0
end_of_record
SF:app_lib/api/lib/src/src/model/project_backup_inventories_inner.dart
DA:18,0
DA:29,0
DA:32,0
DA:33,0
DA:34,0
DA:35,0
DA:37,0
DA:38,0
DA:40,0
DA:41,0
DA:43,0
DA:45,0
DA:47,0
LF:13
LH:0
end_of_record
SF:app_lib/api/lib/src/src/model/project_backup_inventories_inner.g.dart
DA:9,0
DA:11,0
DA:12,0
DA:13,0
DA:14,0
DA:15,0
DA:17,0
DA:26,0
DA:28,0
DA:29,0
DA:30,0
DA:31,0
DA:33,0
LF:13
LH:0
end_of_record
SF:app_lib/api/lib/src/src/model/project_backup_keys_inner.dart
DA:18,0
DA:26,0
DA:29,0
DA:30,0
DA:31,0
DA:33,0
DA:34,0
DA:36,0
DA:37,0
DA:39,0
DA:41,0
DA:43,0
LF:12
LH:0
end_of_record
SF:app_lib/api/lib/src/src/model/project_backup_keys_inner.g.dart
DA:9,0
DA:11,0
DA:12,0
DA:13,0
DA:14,0
DA:16,0
DA:22,0
DA:24,0
DA:25,0
DA:26,0
DA:27,0
LF:11
LH:0
end_of_record
SF:app_lib/api/lib/src/src/model/project_backup_meta.dart
DA:18,0
DA:30,0
DA:33,0
DA:34,0
DA:35,0
DA:36,0
DA:38,0
DA:40,0
DA:42,0
DA:43,0
DA:45,0
DA:47,0
DA:49,0
LF:13
LH:0
end_of_record
SF:app_lib/api/lib/src/src/model/project_backup_meta.g.dart
DA:9,0
DA:10,0
DA:13,0
DA:14,0
DA:15,0
DA:16,0
DA:17,0
DA:19,0
DA:27,0
DA:29,0
DA:30,0
DA:31,0
DA:32,0
LF:13
LH:0
end_of_record
SF:app_lib/api/lib/src/src/model/project_backup_repositories_inner.dart
DA:18,0
DA:40,0
DA:43,0
DA:44,0
DA:45,0
DA:46,0
DA:47,0
DA:49,0
DA:51,0
DA:53,0
DA:54,0
DA:56,0
DA:58,0
DA:60,0
LF:14
LH:0
end_of_record
SF:app_lib/api/lib/src/src/model/project_backup_repositories_inner.g.dart
DA:9,0
DA:11,0
DA:14,0
DA:15,0
DA:16,0
DA:17,0
DA:18,0
DA:19,0
DA:30,0
DA:32,0
DA:33,0
DA:34,0
DA:35,0
DA:36,0
LF:14
LH:0
end_of_record
SF:app_lib/api/lib/src/src/model/project_backup_templates_inner.dart
DA:18,0
DA:92,0
DA:95,0
DA:96,0
DA:97,0
DA:98,0
DA:99,0
DA:100,0
DA:101,0
DA:102,0
DA:103,0
DA:104,0
DA:105,0
DA:106,0
DA:107,0
DA:109,0
DA:111,0
DA:112,0
DA:113,0
DA:114,0
DA:115,0
DA:116,0
DA:117,0
DA:118,0
DA:119,0
DA:120,0
DA:121,0
DA:122,0
DA:124,0
DA:125,0
DA:127,0
DA:129,0
DA:131,0
LF:33
LH:0
end_of_record
SF:app_lib/api/lib/src/src/model/project_backup_templates_inner.g.dart
DA:9,0
DA:11,0
DA:14,0
DA:15,0
DA:16,0
DA:17,0
DA:18,0
DA:19,0
DA:20,0
DA:21,0
DA:22,0
DA:23,0
DA:25,0
DA:27,0
DA:29,0
DA:31,0
DA:32,0
DA:33,0
DA:35,0
DA:47,0
DA:49,0
DA:50,0
DA:51,0
DA:52,0
DA:53,0
DA:54,0
DA:55,0
DA:56,0
DA:57,0
DA:58,0
DA:59,0
DA:60,0
DA:61,0
DA:62,0
DA:63,0
DA:64,0
LF:36
LH:0
end_of_record
SF:app_lib/api/lib/src/src/model/project_backup_views_inner.dart
DA:18,0
DA:27,0
DA:30,0
DA:31,0
DA:32,0
DA:34,0
DA:35,0
DA:37,0
DA:38,0
DA:40,0
DA:42,0
DA:44,0
LF:12
LH:0
end_of_record
SF:app_lib/api/lib/src/src/model/project_backup_views_inner.g.dart
DA:9,0
DA:11,0
DA:12,0
DA:13,0
DA:14,0
DA:19,0
DA:21,0
DA:22,0
DA:23,0
LF:9
LH:0
end_of_record
SF:app_lib/api/lib/src/src/model/project_project_id_put_request.dart
DA:18,0
DA:48,0
DA:51,0
DA:52,0
DA:53,0
DA:54,0
DA:55,0
DA:56,0
DA:58,0
DA:60,0
DA:61,0
DA:62,0
DA:63,0
DA:64,0
DA:66,0
DA:67,0
DA:69,0
DA:71,0
DA:73,0
LF:19
LH:0
end_of_record
SF:app_lib/api/lib/src/src/model/project_project_id_put_request.g.dart
DA:9,0
DA:11,0
DA:14,0
DA:15,0
DA:16,0
DA:17,0
DA:18,0
DA:20,0
DA:22,0
DA:23,0
DA:30,0
DA:32,0
DA:33,0
DA:34,0
DA:35,0
DA:36,0
DA:37,0
LF:17
LH:0
end_of_record
SF:app_lib/api/lib/src/src/model/project_project_id_put_request_all_of.dart
DA:18,0
DA:24,0
DA:27,0
DA:29,0
DA:30,0
DA:32,0
DA:33,0
DA:35,0
DA:36,0
DA:38,0
DA:40,0
LF:11
LH:0
end_of_record
SF:app_lib/api/lib/src/src/model/project_project_id_put_request_all_of.g.dart
DA:9,0
DA:11,0
DA:12,0
DA:13,0
DA:18,0
DA:20,0
LF:6
LH:0
end_of_record
SF:app_lib/api/lib/src/src/model/project_project_id_role_get200_response.dart
DA:18,0
DA:26,0
DA:29,0
DA:30,0
DA:31,0
DA:33,0
DA:34,0
DA:36,0
DA:38,0
DA:40,0
DA:41,0
DA:43,0
DA:45,0
LF:13
LH:0
end_of_record
SF:app_lib/api/lib/src/src/model/project_project_id_role_get200_response.g.dart
DA:9,0
DA:11,0
DA:14,0
DA:15,0
DA:16,0
DA:21,0
DA:23,0
DA:24,0
DA:25,0
LF:9
LH:0
end_of_record
SF:app_lib/api/lib/src/src/model/project_project_id_tasks_post_request.dart
DA:19,0
DA:57,0
DA:60,0
DA:61,0
DA:62,0
DA:63,0
DA:64,0
DA:65,0
DA:66,0
DA:67,0
DA:69,0
DA:71,0
DA:72,0
DA:73,0
DA:74,0
DA:75,0
DA:76,0
DA:77,0
DA:79,0
DA:81,0
DA:83,0
DA:84,0
DA:86,0
DA:88,0
LF:24
LH:0
end_of_record
SF:app_lib/api/lib/src/src/model/project_project_id_tasks_post_request.g.dart
DA:9,0
DA:11,0
DA:14,0
DA:15,0
DA:16,0
DA:17,0
DA:18,0
DA:19,0
DA:20,0
DA:21,0
DA:22,0
DA:24,0
DA:26,0
DA:36,0
DA:38,0
DA:39,0
DA:40,0
DA:41,0
DA:42,0
DA:43,0
DA:44,0
DA:45,0
LF:22
LH:0
end_of_record
SF:app_lib/api/lib/src/src/model/project_project_id_tasks_post_request_params.dart
DA:18,0
DA:40,0
DA:43,0
DA:44,0
DA:45,0
DA:46,0
DA:47,0
DA:49,0
DA:51,0
DA:53,0
DA:55,0
DA:57,0
DA:58,0
DA:60,0
DA:62,0
LF:15
LH:0
end_of_record
SF:app_lib/api/lib/src/src/model/project_project_id_tasks_post_request_params.g.dart
DA:9,0
DA:11,0
DA:14,0
DA:15,0
DA:16,0
DA:17,0
DA:18,0
DA:19,0
DA:26,0
DA:28,0
DA:29,0
DA:30,0
DA:31,0
DA:32,0
LF:14
LH:0
end_of_record
SF:app_lib/api/lib/src/src/model/project_project_id_users_post_request.dart
DA:18,0
DA:27,0
DA:30,0
DA:31,0
DA:32,0
DA:34,0
DA:35,0
DA:37,0
DA:39,0
DA:41,0
DA:42,0
DA:44,0
DA:46,0
LF:13
LH:0
end_of_record
SF:app_lib/api/lib/src/src/model/project_project_id_users_post_request.g.dart
DA:9,0
DA:12,0
DA:13,0
DA:14,0
DA:15,0
DA:17,0
DA:26,0
DA:28,0
DA:29,0
DA:30,0
DA:32,0
LF:11
LH:0
end_of_record
SF:app_lib/api/lib/src/src/model/project_project_id_users_user_id_put_request.dart
DA:18,0
DA:23,0
DA:26,0
DA:28,0
DA:29,0
DA:31,0
DA:33,0
DA:35,0
DA:36,0
DA:38,0
DA:40,0
LF:11
LH:0
end_of_record
SF:app_lib/api/lib/src/src/model/project_project_id_users_user_id_put_request.g.dart
DA:9,0
DA:11,0
DA:14,0
DA:15,0
DA:17,0
DA:26,0
DA:28,0
DA:29,0
DA:31,0
LF:9
LH:0
end_of_record
SF:app_lib/api/lib/src/src/model/project_request.dart
DA:18,0
DA:34,0
DA:37,0
DA:38,0
DA:39,0
DA:40,0
DA:41,0
DA:43,0
DA:45,0
DA:46,0
DA:47,0
DA:48,0
DA:50,0
DA:51,0
DA:53,0
DA:55,0
DA:57,0
LF:17
LH:0
end_of_record
SF:app_lib/api/lib/src/src/model/project_request.g.dart
DA:9,0
DA:10,0
DA:13,0
DA:14,0
DA:15,0
DA:16,0
DA:17,0
DA:19,0
DA:21,0
DA:28,0
DA:30,0
DA:31,0
DA:32,0
DA:33,0
DA:34,0
LF:15
LH:0
end_of_record
SF:app_lib/api/lib/src/src/model/project_user.dart
DA:18,0
DA:33,0
DA:36,0
DA:37,0
DA:38,0
DA:39,0
DA:40,0
DA:42,0
DA:44,0
DA:46,0
DA:47,0
DA:49,0
DA:51,0
DA:53,0
LF:14
LH:0
end_of_record
SF:app_lib/api/lib/src/src/model/project_user.g.dart
DA:9,0
DA:10,0
DA:11,0
DA:12,0
DA:13,0
DA:14,0
DA:15,0
DA:17,0
DA:23,0
DA:24,0
DA:25,0
DA:26,0
DA:27,0
DA:28,0
DA:29,0
LF:15
LH:0
end_of_record
SF:app_lib/api/lib/src/src/model/repository.dart
DA:18,0
DA:50,0
DA:53,0
DA:54,0
DA:55,0
DA:56,0
DA:57,0
DA:58,0
DA:59,0
DA:61,0
DA:63,0
DA:64,0
DA:65,0
DA:66,0
DA:67,0
DA:68,0
DA:70,0
DA:71,0
DA:73,0
DA:75,0
DA:77,0
LF:21
LH:0
end_of_record
SF:app_lib/api/lib/src/src/model/repository.g.dart
DA:9,0
DA:12,0
DA:13,0
DA:14,0
DA:15,0
DA:16,0
DA:17,0
DA:18,0
DA:19,0
DA:31,0
DA:32,0
DA:33,0
DA:34,0
DA:35,0
DA:36,0
DA:37,0
DA:38,0
LF:17
LH:0
end_of_record
SF:app_lib/api/lib/src/src/model/repository_request.dart
DA:18,0
DA:50,0
DA:53,0
DA:54,0
DA:55,0
DA:56,0
DA:57,0
DA:58,0
DA:59,0
DA:61,0
DA:63,0
DA:64,0
DA:65,0
DA:66,0
DA:67,0
DA:68,0
DA:70,0
DA:71,0
DA:73,0
DA:75,0
DA:77,0
LF:21
LH:0
end_of_record
SF:app_lib/api/lib/src/src/model/repository_request.g.dart
DA:9,0
DA:10,0
DA:13,0
DA:14,0
DA:15,0
DA:16,0
DA:17,0
DA:18,0
DA:19,0
DA:20,0
DA:32,0
DA:33,0
DA:34,0
DA:35,0
DA:36,0
DA:37,0
DA:38,0
DA:39,0
LF:18
LH:0
end_of_record
SF:app_lib/api/lib/src/src/model/runner.dart
DA:18,0
DA:23,0
DA:25,0
DA:27,0
DA:28,0
DA:30,0
DA:32,0
DA:34,0
DA:36,0
LF:9
LH:0
end_of_record
SF:app_lib/api/lib/src/src/model/runner.g.dart
DA:9,0
DA:10,0
DA:11,0
DA:15,0
DA:16,0
LF:5
LH:0
end_of_record
SF:app_lib/api/lib/src/src/model/schedule.dart
DA:18,0
DA:55,0
DA:58,0
DA:59,0
DA:60,0
DA:61,0
DA:62,0
DA:63,0
DA:64,0
DA:65,0
DA:67,0
DA:69,0
DA:70,0
DA:71,0
DA:72,0
DA:73,0
DA:74,0
DA:75,0
DA:77,0
DA:78,0
DA:80,0
DA:82,0
DA:84,0
LF:23
LH:0
end_of_record
SF:app_lib/api/lib/src/src/model/schedule.g.dart
DA:9,0
DA:12,0
DA:13,0
DA:14,0
DA:15,0
DA:16,0
DA:17,0
DA:18,0
DA:19,0
DA:20,0
DA:32,0
DA:33,0
DA:34,0
DA:35,0
DA:36,0
DA:37,0
DA:38,0
DA:39,0
LF:18
LH:0
end_of_record
SF:app_lib/api/lib/src/src/model/schedule_request.dart
DA:18,0
DA:50,0
DA:53,0
DA:54,0
DA:55,0
DA:56,0
DA:57,0
DA:58,0
DA:59,0
DA:61,0
DA:63,0
DA:64,0
DA:65,0
DA:66,0
DA:67,0
DA:68,0
DA:70,0
DA:71,0
DA:73,0
DA:75,0
DA:77,0
LF:21
LH:0
end_of_record
SF:app_lib/api/lib/src/src/model/schedule_request.g.dart
DA:9,0
DA:10,0
DA:13,0
DA:14,0
DA:15,0
DA:16,0
DA:17,0
DA:18,0
DA:20,0
DA:22,0
DA:23,0
DA:34,0
DA:35,0
DA:36,0
DA:37,0
DA:38,0
DA:39,0
DA:40,0
DA:41,0
LF:19
LH:0
end_of_record
SF:app_lib/api/lib/src/src/model/task_output.dart
DA:18,0
DA:29,0
DA:32,0
DA:33,0
DA:34,0
DA:35,0
DA:37,0
DA:38,0
DA:40,0
DA:41,0
DA:43,0
DA:45,0
DA:47,0
LF:13
LH:0
end_of_record
SF:app_lib/api/lib/src/src/model/task_output.g.dart
DA:9,0
DA:10,0
DA:11,0
DA:12,0
DA:13,0
DA:15,0
DA:17,0
DA:22,0
DA:23,0
DA:24,0
DA:25,0
DA:26,0
LF:12
LH:0
end_of_record
SF:app_lib/api/lib/src/src/model/template.dart
DA:21,0
DA:131,0
DA:134,0
DA:135,0
DA:136,0
DA:137,0
DA:138,0
DA:139,0
DA:140,0
DA:141,0
DA:142,0
DA:143,0
DA:144,0
DA:145,0
DA:146,0
DA:147,0
DA:148,0
DA:149,0
DA:150,0
DA:151,0
DA:152,0
DA:153,0
DA:155,0
DA:157,0
DA:158,0
DA:159,0
DA:160,0
DA:161,0
DA:162,0
DA:163,0
DA:164,0
DA:165,0
DA:166,0
DA:167,0
DA:168,0
DA:169,0
DA:170,0
DA:171,0
DA:172,0
DA:173,0
DA:174,0
DA:175,0
DA:177,0
DA:178,0
DA:180,0
DA:182,0
DA:184,0
LF:47
LH:0
end_of_record
SF:app_lib/api/lib/src/src/model/template.g.dart
DA:9,0
DA:12,0
DA:13,0
DA:14,0
DA:15,0
DA:16,0
DA:17,0
DA:19,0
DA:21,0
DA:23,0
DA:25,0
DA:26,0
DA:27,0
DA:28,0
DA:29,0
DA:30,0
DA:32,0
DA:34,0
DA:36,0
DA:38,0
DA:39,0
DA:40,0
DA:42,0
DA:44,0
DA:45,0
DA:47,0
DA:48,0
DA:49,0
DA:51,0
DA:53,0
DA:54,0
DA:55,0
DA:57,0
DA:59,0
DA:78,0
DA:79,0
DA:80,0
DA:81,0
DA:82,0
DA:83,0
DA:84,0
DA:85,0
DA:86,0
DA:87,0
DA:88,0
DA:89,0
DA:90,0
DA:91,0
DA:92,0
DA:93,0
DA:94,0
DA:95,0
DA:96,0
DA:97,0
DA:98,0
DA:99,0
DA:100,0
DA:101,0
LF:58
LH:0
end_of_record
SF:app_lib/api/lib/src/src/model/template_request.dart
DA:20,0
DA:140,0
DA:143,0
DA:144,0
DA:145,0
DA:146,0
DA:147,0
DA:148,0
DA:149,0
DA:150,0
DA:151,0
DA:152,0
DA:153,0
DA:154,0
DA:155,0
DA:156,0
DA:157,0
DA:158,0
DA:159,0
DA:160,0
DA:161,0
DA:162,0
DA:163,0
DA:164,0
DA:166,0
DA:168,0
DA:169,0
DA:170,0
DA:171,0
DA:172,0
DA:173,0
DA:174,0
DA:175,0
DA:176,0
DA:177,0
DA:178,0
DA:179,0
DA:180,0
DA:181,0
DA:182,0
DA:183,0
DA:184,0
DA:185,0
DA:186,0
DA:187,0
DA:188,0
DA:190,0
DA:191,0
DA:193,0
DA:195,0
DA:197,0
LF:51
LH:0
end_of_record
SF:app_lib/api/lib/src/src/model/template_request.g.dart
DA:9,0
DA:11,0
DA:14,0
DA:15,0
DA:16,0
DA:17,0
DA:18,0
DA:19,0
DA:21,0
DA:23,0
DA:25,0
DA:27,0
DA:28,0
DA:30,0
DA:31,0
DA:32,0
DA:34,0
DA:35,0
DA:36,0
DA:37,0
DA:38,0
DA:40,0
DA:42,0
DA:43,0
DA:45,0
DA:47,0
DA:48,0
DA:49,0
DA:51,0
DA:52,0
DA:53,0
DA:55,0
DA:57,0
DA:59,0
DA:60,0
DA:62,0
DA:64,0
DA:83,0
DA:85,0
DA:86,0
DA:87,0
DA:88,0
DA:89,0
DA:90,0
DA:91,0
DA:92,0
DA:93,0
DA:94,0
DA:95,0
DA:96,0
DA:97,0
DA:98,0
DA:99,0
DA:100,0
DA:101,0
DA:102,0
DA:103,0
DA:104,0
DA:105,0
DA:106,0
DA:107,0
DA:108,0
DA:109,0
DA:110,0
DA:111,0
LF:65
LH:0
end_of_record
SF:app_lib/api/lib/src/src/model/template_survey_var.dart
DA:19,0
DA:51,0
DA:54,0
DA:55,0
DA:56,0
DA:57,0
DA:58,0
DA:59,0
DA:60,0
DA:62,0
DA:64,0
DA:65,0
DA:66,0
DA:67,0
DA:68,0
DA:69,0
DA:71,0
DA:72,0
DA:74,0
DA:76,0
DA:78,0
LF:21
LH:0
end_of_record
SF:app_lib/api/lib/src/src/model/template_survey_var.g.dart
DA:9,0
DA:10,0
DA:11,0
DA:12,0
DA:13,0
DA:14,0
DA:15,0
DA:17,0
DA:19,0
DA:20,0
DA:22,0
DA:23,0
DA:24,0
DA:25,0
DA:27,0
DA:33,0
DA:34,0
DA:35,0
DA:36,0
DA:37,0
DA:38,0
DA:39,0
DA:40,0
DA:41,0
DA:42,0
LF:25
LH:0
end_of_record
SF:app_lib/api/lib/src/src/model/template_survey_var_value.dart
DA:18,0
DA:26,0
DA:29,0
DA:30,0
DA:31,0
DA:33,0
DA:34,0
DA:36,0
DA:37,0
DA:39,0
DA:41,0
DA:43,0
LF:12
LH:0
end_of_record
SF:app_lib/api/lib/src/src/model/template_survey_var_value.g.dart
DA:9,0
DA:11,0
DA:12,0
DA:13,0
DA:14,0
DA:19,0
DA:21,0
DA:22,0
DA:23,0
LF:9
LH:0
end_of_record
SF:app_lib/api/lib/src/src/model/template_vault.dart
DA:18,0
DA:29,0
DA:32,0
DA:33,0
DA:34,0
DA:35,0
DA:37,0
DA:38,0
DA:40,0
DA:41,0
DA:43,0
DA:45,0
DA:47,0
LF:13
LH:0
end_of_record
SF:app_lib/api/lib/src/src/model/template_vault.g.dart
DA:9,0
DA:10,0
DA:11,0
DA:12,0
DA:13,0
DA:14,0
DA:16,0
DA:22,0
DA:23,0
DA:24,0
DA:25,0
DA:26,0
DA:27,0
LF:13
LH:0
end_of_record
SF:app_lib/api/lib/src/src/model/user.dart
DA:18,0
DA:61,0
DA:64,0
DA:65,0
DA:66,0
DA:67,0
DA:68,0
DA:69,0
DA:70,0
DA:71,0
DA:72,0
DA:74,0
DA:76,0
DA:77,0
DA:78,0
DA:79,0
DA:80,0
DA:81,0
DA:82,0
DA:83,0
DA:85,0
DA:87,0
DA:89,0
DA:91,0
LF:24
LH:0
end_of_record
SF:app_lib/api/lib/src/src/model/user.g.dart
DA:9,0
DA:10,0
DA:11,0
DA:12,0
DA:13,0
DA:14,0
DA:15,0
DA:16,0
DA:17,0
DA:18,0
DA:19,0
DA:24,0
DA:25,0
DA:26,0
DA:27,0
DA:28,0
DA:29,0
DA:30,0
DA:31,0
DA:32,0
LF:20
LH:0
end_of_record
SF:app_lib/api/lib/src/src/model/user_put_request.dart
DA:18,0
DA:45,0
DA:48,0
DA:49,0
DA:50,0
DA:51,0
DA:52,0
DA:53,0
DA:55,0
DA:57,0
DA:58,0
DA:59,0
DA:60,0
DA:61,0
DA:63,0
DA:64,0
DA:66,0
DA:68,0
DA:70,0
LF:19
LH:0
end_of_record
SF:app_lib/api/lib/src/src/model/user_put_request.g.dart
DA:9,0
DA:10,0
DA:11,0
DA:12,0
DA:13,0
DA:14,0
DA:15,0
DA:16,0
DA:21,0
DA:22,0
DA:23,0
DA:24,0
DA:25,0
DA:26,0
DA:27,0
LF:15
LH:0
end_of_record
SF:app_lib/api/lib/src/src/model/user_request.dart
DA:18,0
DA:55,0
DA:58,0
DA:59,0
DA:60,0
DA:61,0
DA:62,0
DA:63,0
DA:64,0
DA:65,0
DA:67,0
DA:69,0
DA:70,0
DA:71,0
DA:72,0
DA:73,0
DA:74,0
DA:75,0
DA:77,0
DA:78,0
DA:80,0
DA:82,0
DA:84,0
LF:23
LH:0
end_of_record
SF:app_lib/api/lib/src/src/model/user_request.g.dart
DA:9,0
DA:10,0
DA:11,0
DA:12,0
DA:13,0
DA:14,0
DA:15,0
DA:16,0
DA:17,0
DA:18,0
DA:23,0
DA:24,0
DA:25,0
DA:26,0
DA:27,0
DA:28,0
DA:29,0
DA:30,0
DA:31,0
LF:19
LH:0
end_of_record
SF:app_lib/api/lib/src/src/model/users_user_id_password_post_request.dart
DA:18,0
DA:23,0
DA:26,0
DA:28,0
DA:29,0
DA:31,0
DA:32,0
DA:34,0
DA:36,0
DA:38,0
LF:10
LH:0
end_of_record
SF:app_lib/api/lib/src/src/model/users_user_id_password_post_request.g.dart
DA:9,0
DA:11,0
DA:12,0
DA:13,0
DA:18,0
DA:20,0
DA:21,0
LF:7
LH:0
end_of_record
SF:app_lib/api/lib/src/src/model/view.dart
DA:18,0
DA:32,0
DA:35,0
DA:36,0
DA:37,0
DA:38,0
DA:39,0
DA:41,0
DA:43,0
DA:45,0
DA:47,0
DA:49,0
DA:51,0
LF:13
LH:0
end_of_record
SF:app_lib/api/lib/src/src/model/view.g.dart
DA:9,0
DA:10,0
DA:11,0
DA:12,0
DA:13,0
DA:14,0
DA:15,0
DA:20,0
DA:21,0
DA:22,0
DA:23,0
DA:24,0
LF:12
LH:0
end_of_record
SF:app_lib/api/lib/src/src/model/view_request.dart
DA:18,0
DA:31,0
DA:34,0
DA:35,0
DA:36,0
DA:37,0
DA:39,0
DA:40,0
DA:42,0
DA:43,0
DA:45,0
DA:47,0
DA:49,0
LF:13
LH:0
end_of_record
SF:app_lib/api/lib/src/src/model/view_request.g.dart
DA:9,0
DA:10,0
DA:11,0
DA:12,0
DA:13,0
DA:14,0
DA:19,0
DA:20,0
DA:21,0
DA:22,0
DA:23,0
LF:11
LH:0
end_of_record
SF:app_lib/api/lib/src/src/auth/bearer_auth.dart
DA:11,0
DA:13,0
DA:15,0
DA:17,0
DA:18,0
DA:20,0
DA:24,0
LF:7
LH:0
end_of_record
SF:app_lib/api/lib/src/src/deserialize.dart
DA:61,0
DA:62,0
DA:63,0
DA:65,0
DA:71,0
DA:72,0
DA:73,0
DA:74,0
DA:75,0
DA:76,0
DA:79,0
DA:80,0
DA:81,0
DA:82,0
DA:83,0
DA:84,0
DA:85,0
DA:86,0
DA:87,0
DA:88,0
DA:90,0
DA:91,0
DA:95,0
DA:96,0
DA:98,0
DA:99,0
DA:100,0
DA:101,0
DA:103,0
DA:104,0
DA:106,0
DA:107,0
DA:109,0
DA:110,0
DA:111,0
DA:112,0
DA:113,0
DA:114,0
DA:116,0
DA:117,0
DA:118,0
DA:119,0
DA:121,0
DA:122,0
DA:126,0
DA:127,0
DA:129,0
DA:130,0
DA:132,0
DA:133,0
DA:135,0
DA:136,0
DA:137,0
DA:138,0
DA:140,0
DA:141,0
DA:142,0
DA:143,0
DA:145,0
DA:146,0
DA:150,0
DA:151,0
DA:152,0
DA:153,0
DA:155,0
DA:156,0
DA:160,0
DA:161,0
DA:165,0
DA:166,0
DA:168,0
DA:169,0
DA:171,0
DA:172,0
DA:176,0
DA:177,0
DA:179,0
DA:180,0
DA:182,0
DA:183,0
DA:185,0
DA:186,0
DA:190,0
DA:191,0
DA:195,0
DA:196,0
DA:200,0
DA:201,0
DA:205,0
DA:206,0
DA:210,0
DA:211,0
DA:215,0
DA:216,0
DA:218,0
DA:219,0
DA:220,0
DA:221,0
DA:222,0
DA:223,0
DA:225,0
DA:226,0
DA:227,0
DA:228,0
DA:229,0
DA:230,0
DA:232,0
DA:233,0
DA:234,0
DA:235,0
DA:236,0
DA:237,0
DA:238,0
DA:239,0
DA:241,0
DA:242,0
DA:244,0
DA:245,0
DA:247,0
DA:248,0
DA:250,0
DA:251,0
DA:252,0
DA:253,0
DA:255,0
DA:256,0
DA:257,0
DA:258,0
DA:262,0
DA:263,0
DA:264,0
DA:265,0
DA:269,0
DA:270,0
DA:272,0
DA:273,0
DA:279,0
DA:282,0
DA:283,0
DA:285,0
DA:286,0
DA:292,0
DA:295,0
DA:296,0
DA:297,0
DA:298,0
DA:299,0
DA:300,0
DA:311,0
LF:149
LH:0
end_of_record
SF:app_lib/api/lib/src/src/auth/auth.dart
DA:11,0
DA:15,0
DA:16,0
DA:17,0
DA:19,0
LF:5
LH:0
end_of_record
SF:app_widget/adaptive/lib/src/action.dart
DA:17,0
DA:31,0
DA:38,0
DA:41,0
DA:43,0
DA:44,0
DA:45,0
DA:46,0
DA:47,0
DA:48,0
DA:49,0
DA:50,0
DA:51,0
DA:52,0
DA:53,0
DA:54,0
DA:55,0
DA:56,0
DA:58,0
DA:63,0
DA:64,0
DA:65,0
DA:66,0
DA:70,0
DA:71,0
DA:72,0
DA:73,0
DA:74,0
DA:75,0
DA:76,0
DA:77,0
DA:80,0
DA:83,0
DA:84,0
DA:85,0
DA:86,0
DA:87,0
DA:88,0
DA:89,0
DA:90,0
DA:91,0
DA:94,0
LF:42
LH:0
end_of_record
SF:app_widget/adaptive/lib/src/scaffold.dart
DA:203,2
DA:242,2
DA:244,2
DA:245,2
DA:246,2
DA:247,2
DA:248,2
DA:249,2
DA:250,2
DA:251,2
DA:252,2
DA:253,2
DA:254,2
DA:255,2
DA:256,2
DA:257,2
DA:258,2
DA:259,2
DA:260,2
DA:261,2
DA:262,2
DA:263,2
DA:264,2
DA:265,2
DA:266,2
DA:267,2
DA:268,2
DA:269,2
DA:270,2
DA:271,2
DA:272,2
DA:273,2
DA:274,2
DA:275,2
DA:276,2
DA:277,2
DA:278,2
LF:37
LH:37
end_of_record
SF:app_bloc/activity/lib/activity_bloc.dart
DA:10,0
DA:11,0
DA:14,0
DA:18,0
DA:19,0
DA:20,0
DA:21,0
DA:26,0
DA:29,0
DA:30,0
DA:31,0
DA:33,0
DA:34,0
DA:36,0
DA:37,0
LF:15
LH:0
end_of_record
SF:app_bloc/activity/lib/activity_state.dart
DA:14,0
DA:20,0
LF:2
LH:0
end_of_record
SF:app_bloc/activity/lib/activity_event.dart
DA:10,0
LF:1
LH:0
end_of_record
